#
# There is insufficient memory for the Java Runtime Environment to continue.
# Native memory allocation (malloc) failed to allocate 32744 bytes for ChunkPool::allocate
# Possible reasons:
#   The system is out of physical RAM or swap space
#   The process is running with CompressedOops enabled, and the Java Heap may be blocking the growth of the native heap
# Possible solutions:
#   Reduce memory load on the system
#   Increase physical memory or swap space
#   Check if swap backing store is full
#   Decrease Java heap size (-Xmx/-Xms)
#   Decrease number of Java threads
#   Decrease Java thread stack sizes (-Xss)
#   Set larger code cache with -XX:ReservedCodeCacheSize=
#   JVM is running with Zero Based Compressed Oops mode in which the Java heap is
#     placed in the first 32GB address space. The Java Heap base address is the
#     maximum limit for the native heap growth. Please use -XX:HeapBaseMinAddress
#     to set the Java Heap base and to place the Java Heap above 32GB virtual address.
# This output file may be truncated or incomplete.
#
#  Out of Memory Error (c:/ws/workspace/jdk-13.0.2/label/windows-x86_64/type/b11/build/src/hotspot/share/memory/arena.cpp:80), pid=9604, tid=14916
#
# JRE version: OpenJDK Runtime Environment (13.0.2+9) (build 13.0.2+9)
# Java VM: OpenJDK 64-Bit Server VM (13.0.2+9, mixed mode, sharing, tiered, compressed oops, g1 gc, windows-amd64)
# No core dump will be written. Minidumps are not enabled by default on client versions of Windows
#

---------------  S U M M A R Y ------------

Command Line: -Dfile.encoding=UTF-8 simrskhanza.SIMRSKhanza

Host: AMD Ryzen 5 5600G with Radeon Graphics         , 12 cores, 15G,  Windows 10 , 64 bit Build 19041 (10.0.19041.3636)
Time: Mon Jul  8 10:54:32 2024 SE Asia Standard Time elapsed time: 163 seconds (0d 0h 2m 43s)

---------------  T H R E A D  ---------------

Current thread (0x000002c9ffac4000):  JavaThread "C2 CompilerThread0" daemon [_thread_in_native, id=14916, stack(0x000000e99ec00000,0x000000e99ed00000)]


Current CompileTask:
C2: 163873 7665   !   4       javax.swing.JViewport::setViewPosition (359 bytes)

Stack: [0x000000e99ec00000,0x000000e99ed00000]
Native frames: (J=compiled Java code, j=interpreted, Vv=VM code, C=native code)
V  [jvm.dll+0x62b47a]
V  [jvm.dll+0x7d443a]
V  [jvm.dll+0x7d5bef]
V  [jvm.dll+0x7d61f3]
V  [jvm.dll+0x24d858]
V  [jvm.dll+0xc31a6]
V  [jvm.dll+0xc34fc]
V  [jvm.dll+0x2b5356]
V  [jvm.dll+0x2b5114]
V  [jvm.dll+0x7a81fd]
V  [jvm.dll+0xb64b8]
V  [jvm.dll+0x65a706]
V  [jvm.dll+0x33b3a6]
V  [jvm.dll+0x5165f4]
V  [jvm.dll+0x525f27]
V  [jvm.dll+0x51419b]
V  [jvm.dll+0x2bee56]
V  [jvm.dll+0x648524]
V  [jvm.dll+0x6401bf]
V  [jvm.dll+0x63f7fc]
V  [jvm.dll+0x63d69d]
V  [jvm.dll+0x18d94c]
V  [jvm.dll+0x18e4f8]
V  [jvm.dll+0x2bee56]
V  [jvm.dll+0x648524]
V  [jvm.dll+0x6401bf]
V  [jvm.dll+0x63f7fc]
V  [jvm.dll+0x63d69d]
V  [jvm.dll+0x18d94c]
V  [jvm.dll+0x2bee56]
V  [jvm.dll+0x648524]
V  [jvm.dll+0x6401bf]
V  [jvm.dll+0x63f7fc]
V  [jvm.dll+0x63d69d]
V  [jvm.dll+0x18d94c]
V  [jvm.dll+0x2bee56]
V  [jvm.dll+0x648524]
V  [jvm.dll+0x6401bf]
V  [jvm.dll+0x63f7fc]
V  [jvm.dll+0x63d69d]
V  [jvm.dll+0x18d94c]
V  [jvm.dll+0x2bee56]
V  [jvm.dll+0x648524]
V  [jvm.dll+0x6401bf]
V  [jvm.dll+0x63f7fc]
V  [jvm.dll+0x63d69d]
V  [jvm.dll+0x18d94c]
V  [jvm.dll+0x2063e3]
V  [jvm.dll+0x18b0ac]
V  [jvm.dll+0x21578d]
V  [jvm.dll+0x2139db]
V  [jvm.dll+0x799eb6]
V  [jvm.dll+0x792faa]
V  [jvm.dll+0x62a386]
C  [ucrtbase.dll+0x21bb2]
C  [KERNEL32.DLL+0x17344]
C  [ntdll.dll+0x4cc91]


---------------  P R O C E S S  ---------------

Threads class SMR info:
_java_thread_list=0x000002c98cae44c0, length=24, elements={
0x000002c9ffaa4000, 0x000002c9ffaaf000, 0x000002c9ffabd800, 0x000002c9ffac0800,
0x000002c9ffac4000, 0x000002c9ffacf000, 0x000002c9ffad5000, 0x000002c9ffd76000,
0x000002c9ffd83800, 0x000002c98504e800, 0x000002c98504f000, 0x000002c985050000,
0x000002c985164800, 0x000002c9851eb800, 0x000002c9dc646000, 0x000002c985b04000,
0x000002c98c3b5000, 0x000002c98eee6000, 0x000002c98eee4800, 0x000002c98eee2000,
0x000002c98eee2800, 0x000002c98eee7800, 0x000002c98eee3800, 0x000002c98eee5000
}

Java Threads: ( => current thread )
  0x000002c9ffaa4000 JavaThread "Reference Handler" daemon [_thread_blocked, id=18952, stack(0x000000e99e800000,0x000000e99e900000)]
  0x000002c9ffaaf000 JavaThread "Finalizer" daemon [_thread_blocked, id=18100, stack(0x000000e99e900000,0x000000e99ea00000)]
  0x000002c9ffabd800 JavaThread "Signal Dispatcher" daemon [_thread_blocked, id=5548, stack(0x000000e99ea00000,0x000000e99eb00000)]
  0x000002c9ffac0800 JavaThread "Attach Listener" daemon [_thread_blocked, id=16804, stack(0x000000e99eb00000,0x000000e99ec00000)]
=>0x000002c9ffac4000 JavaThread "C2 CompilerThread0" daemon [_thread_in_native, id=14916, stack(0x000000e99ec00000,0x000000e99ed00000)]
  0x000002c9ffacf000 JavaThread "C1 CompilerThread0" daemon [_thread_blocked, id=19672, stack(0x000000e99ed00000,0x000000e99ee00000)]
  0x000002c9ffad5000 JavaThread "Sweeper thread" daemon [_thread_blocked, id=22192, stack(0x000000e99ee00000,0x000000e99ef00000)]
  0x000002c9ffd76000 JavaThread "Service Thread" daemon [_thread_blocked, id=17096, stack(0x000000e99ef00000,0x000000e99f000000)]
  0x000002c9ffd83800 JavaThread "Common-Cleaner" daemon [_thread_blocked, id=15860, stack(0x000000e99f100000,0x000000e99f200000)]
  0x000002c98504e800 JavaThread "Java2D Disposer" daemon [_thread_blocked, id=8940, stack(0x000000e99f600000,0x000000e99f700000)]
  0x000002c98504f000 JavaThread "AWT-Shutdown" [_thread_blocked, id=13208, stack(0x000000e99f700000,0x000000e99f800000)]
  0x000002c985050000 JavaThread "AWT-Windows" daemon [_thread_in_native, id=14772, stack(0x000000e99f800000,0x000000e99f900000)]
  0x000002c985164800 JavaThread "AWT-EventQueue-0" [_thread_blocked, id=19428, stack(0x000000e99fa00000,0x000000e99fb00000)]
  0x000002c9851eb800 JavaThread "Swing-Shell" daemon [_thread_blocked, id=12980, stack(0x000000e99fb00000,0x000000e99fc00000)]
  0x000002c9dc646000 JavaThread "DestroyJavaVM" [_thread_blocked, id=10344, stack(0x000000e99e100000,0x000000e99e200000)]
  0x000002c985b04000 JavaThread "Abandoned connection cleanup thread" daemon [_thread_blocked, id=1252, stack(0x000000e9a0b00000,0x000000e9a0c00000)]
  0x000002c98c3b5000 JavaThread "TimerQueue" daemon [_thread_blocked, id=10028, stack(0x000000e9a0d00000,0x000000e9a0e00000)]
  0x000002c98eee6000 JavaThread "QuantumRenderer-0" daemon [_thread_blocked, id=19760, stack(0x000000e9a1400000,0x000000e9a1500000)]
  0x000002c98eee4800 JavaThread "InvokeLaterDispatcher" daemon [_thread_blocked, id=10244, stack(0x000000e9a1500000,0x000000e9a1600000)]
  0x000002c98eee2000 JavaThread "JavaFX Application Thread" [_thread_in_native, id=5200, stack(0x000000e9a1600000,0x000000e9a1700000)]
  0x000002c98eee2800 JavaThread "Thread-2" daemon [_thread_in_native, id=19408, stack(0x000000e9a0900000,0x000000e9a0a00000)]
  0x000002c98eee7800 JavaThread "D3D Screen Updater" daemon [_thread_blocked, id=21656, stack(0x000000e9a1e00000,0x000000e9a1f00000)]
  0x000002c98eee3800 JavaThread "Prism Font Disposer" daemon [_thread_blocked, id=17832, stack(0x000000e9a0800000,0x000000e9a0900000)]
  0x000002c98eee5000 JavaThread "Disposer" daemon [_thread_blocked, id=10188, stack(0x000000e9a1000000,0x000000e9a1100000)]

Other Threads:
  0x000002c9ffaa3000 VMThread "VM Thread" [stack: 0x000000e99e700000,0x000000e99e800000] [id=21480]
  0x000002c9ffd7a800 WatcherThread [stack: 0x000000e99f000000,0x000000e99f100000] [id=532]
  0x000002c9dc6af000 GCTaskThread "GC Thread#0" [stack: 0x000000e99e200000,0x000000e99e300000] [id=17276]
  0x000002c985000800 GCTaskThread "GC Thread#1" [stack: 0x000000e99f200000,0x000000e99f300000] [id=21956]
  0x000002c985000000 GCTaskThread "GC Thread#2" [stack: 0x000000e99f300000,0x000000e99f400000] [id=14144]
  0x000002c984fff000 GCTaskThread "GC Thread#3" [stack: 0x000000e99f400000,0x000000e99f500000] [id=2772]
  0x000002c984ffe800 GCTaskThread "GC Thread#4" [stack: 0x000000e99f500000,0x000000e99f600000] [id=168]
  0x000002c985001000 GCTaskThread "GC Thread#5" [stack: 0x000000e9a0c00000,0x000000e9a0d00000] [id=12696]
  0x000002c984ffe000 GCTaskThread "GC Thread#6" [stack: 0x000000e9a1200000,0x000000e9a1300000] [id=8796]
  0x000002c985749800 GCTaskThread "GC Thread#7" [stack: 0x000000e9a1300000,0x000000e9a1400000] [id=3388]
  0x000002c9dc6d0800 ConcurrentGCThread "G1 Main Marker" [stack: 0x000000e99e300000,0x000000e99e400000] [id=14316]
  0x000002c9dc6d6000 ConcurrentGCThread "G1 Conc#0" [stack: 0x000000e99e400000,0x000000e99e500000] [id=22104]
  0x000002c985002800 ConcurrentGCThread "G1 Conc#1" [stack: 0x000000e9a0600000,0x000000e9a0700000] [id=17724]
  0x000002c984ffc800 ConcurrentGCThread "G1 Conc#2" [stack: 0x000000e9a0a00000,0x000000e9a0b00000] [id=21344]
  0x000002c9ff18d000 ConcurrentGCThread "G1 Refine#0" [stack: 0x000000e99e500000,0x000000e99e600000] [id=16348]
  0x000002c9ff18e000 ConcurrentGCThread "G1 Young RemSet Sampling" [stack: 0x000000e99e600000,0x000000e99e700000] [id=3052]

Threads with active compile tasks:
C2 CompilerThread0   163937 7665   !   4       javax.swing.JViewport::setViewPosition (359 bytes)

VM state:not at safepoint (normal execution)

VM Mutex/Monitor currently owned by a thread: None

Heap address: 0x0000000709a00000, size: 3942 MB, Compressed Oops mode: Zero based, Oop shift amount: 3
Narrow klass base: 0x0000000800000000, Narrow klass shift: 3
Compressed class space size: 1073741824 Address: 0x0000000800b60000

Heap:
 garbage-first heap   total 203776K, used 146446K [0x0000000709a00000, 0x0000000800000000)
  region size 1024K, 28 young (28672K), 4 survivors (4096K)
 Metaspace       used 52168K, capacity 53503K, committed 53760K, reserved 1095680K
  class space    used 7075K, capacity 7592K, committed 7680K, reserved 1048576K
Heap Regions: E=young(eden), S=young(survivor), O=old, HS=humongous(starts), HC=humongous(continues), CS=collection set, F=free, A=archive, TAMS=top-at-mark-start (previous, next)
|   0|0x0000000709a00000, 0x0000000709b00000, 0x0000000709b00000|100%|HS|  |TAMS 0x0000000709b00000, 0x0000000709a00000| Complete 
|   1|0x0000000709b00000, 0x0000000709c00000, 0x0000000709c00000|100%|HS|  |TAMS 0x0000000709c00000, 0x0000000709b00000| Complete 
|   2|0x0000000709c00000, 0x0000000709d00000, 0x0000000709d00000|100%|HC|  |TAMS 0x0000000709d00000, 0x0000000709c00000| Complete 
|   3|0x0000000709d00000, 0x0000000709e00000, 0x0000000709e00000|100%|HS|  |TAMS 0x0000000709e00000, 0x0000000709d00000| Complete 
|   4|0x0000000709e00000, 0x0000000709f00000, 0x0000000709f00000|100%| O|  |TAMS 0x0000000709f00000, 0x0000000709e00000| Untracked 
|   5|0x0000000709f00000, 0x000000070a000000, 0x000000070a000000|100%| O|  |TAMS 0x000000070a000000, 0x0000000709f00000| Untracked 
|   6|0x000000070a000000, 0x000000070a100000, 0x000000070a100000|100%| O|  |TAMS 0x000000070a100000, 0x000000070a000000| Untracked 
|   7|0x000000070a100000, 0x000000070a200000, 0x000000070a200000|100%| O|  |TAMS 0x000000070a200000, 0x000000070a100000| Untracked 
|   8|0x000000070a200000, 0x000000070a300000, 0x000000070a300000|100%| O|  |TAMS 0x000000070a300000, 0x000000070a200000| Untracked 
|   9|0x000000070a300000, 0x000000070a400000, 0x000000070a400000|100%| O|  |TAMS 0x000000070a400000, 0x000000070a300000| Untracked 
|  10|0x000000070a400000, 0x000000070a500000, 0x000000070a500000|100%| O|  |TAMS 0x000000070a500000, 0x000000070a400000| Untracked 
|  11|0x000000070a500000, 0x000000070a600000, 0x000000070a600000|100%| O|  |TAMS 0x000000070a600000, 0x000000070a500000| Untracked 
|  12|0x000000070a600000, 0x000000070a700000, 0x000000070a700000|100%| O|  |TAMS 0x000000070a700000, 0x000000070a600000| Untracked 
|  13|0x000000070a700000, 0x000000070a800000, 0x000000070a800000|100%| O|  |TAMS 0x000000070a800000, 0x000000070a700000| Untracked 
|  14|0x000000070a800000, 0x000000070a900000, 0x000000070a900000|100%| O|  |TAMS 0x000000070a900000, 0x000000070a800000| Untracked 
|  15|0x000000070a900000, 0x000000070aa00000, 0x000000070aa00000|100%| O|  |TAMS 0x000000070aa00000, 0x000000070a900000| Untracked 
|  16|0x000000070aa00000, 0x000000070ab00000, 0x000000070ab00000|100%| O|  |TAMS 0x000000070ab00000, 0x000000070aa00000| Untracked 
|  17|0x000000070ab00000, 0x000000070ac00000, 0x000000070ac00000|100%| O|  |TAMS 0x000000070ac00000, 0x000000070ab00000| Untracked 
|  18|0x000000070ac00000, 0x000000070ad00000, 0x000000070ad00000|100%| O|  |TAMS 0x000000070ad00000, 0x000000070ac00000| Untracked 
|  19|0x000000070ad00000, 0x000000070ae00000, 0x000000070ae00000|100%| O|  |TAMS 0x000000070ae00000, 0x000000070ad00000| Untracked 
|  20|0x000000070ae00000, 0x000000070af00000, 0x000000070af00000|100%| O|  |TAMS 0x000000070af00000, 0x000000070ae00000| Untracked 
|  21|0x000000070af00000, 0x000000070b000000, 0x000000070b000000|100%| O|  |TAMS 0x000000070b000000, 0x000000070af00000| Untracked 
|  22|0x000000070b000000, 0x000000070b0b8600, 0x000000070b100000| 72%| O|  |TAMS 0x000000070b0b8600, 0x000000070b000000| Untracked 
|  23|0x000000070b100000, 0x000000070b200000, 0x000000070b200000|100%| O|  |TAMS 0x000000070b200000, 0x000000070b100000| Untracked 
|  24|0x000000070b200000, 0x000000070b300000, 0x000000070b300000|100%| O|  |TAMS 0x000000070b300000, 0x000000070b200000| Untracked 
|  25|0x000000070b300000, 0x000000070b400000, 0x000000070b400000|100%| O|  |TAMS 0x000000070b400000, 0x000000070b300000| Untracked 
|  26|0x000000070b400000, 0x000000070b500000, 0x000000070b500000|100%| O|  |TAMS 0x000000070b500000, 0x000000070b400000| Untracked 
|  27|0x000000070b500000, 0x000000070b600000, 0x000000070b600000|100%| O|  |TAMS 0x000000070b600000, 0x000000070b500000| Untracked 
|  28|0x000000070b600000, 0x000000070b700000, 0x000000070b700000|100%| O|  |TAMS 0x000000070b700000, 0x000000070b600000| Untracked 
|  29|0x000000070b700000, 0x000000070b800000, 0x000000070b800000|100%| O|  |TAMS 0x000000070b800000, 0x000000070b700000| Untracked 
|  30|0x000000070b800000, 0x000000070b900000, 0x000000070b900000|100%| O|  |TAMS 0x000000070b900000, 0x000000070b800000| Untracked 
|  31|0x000000070b900000, 0x000000070ba00000, 0x000000070ba00000|100%| O|  |TAMS 0x000000070ba00000, 0x000000070b900000| Untracked 
|  32|0x000000070ba00000, 0x000000070bb00000, 0x000000070bb00000|100%| O|  |TAMS 0x000000070bb00000, 0x000000070ba00000| Untracked 
|  33|0x000000070bb00000, 0x000000070bc00000, 0x000000070bc00000|100%| O|  |TAMS 0x000000070bc00000, 0x000000070bb00000| Untracked 
|  34|0x000000070bc00000, 0x000000070bd00000, 0x000000070bd00000|100%| O|  |TAMS 0x000000070bd00000, 0x000000070bc00000| Untracked 
|  35|0x000000070bd00000, 0x000000070be00000, 0x000000070be00000|100%| O|  |TAMS 0x000000070be00000, 0x000000070bd00000| Untracked 
|  36|0x000000070be00000, 0x000000070bf00000, 0x000000070bf00000|100%| O|  |TAMS 0x000000070bf00000, 0x000000070be00000| Untracked 
|  37|0x000000070bf00000, 0x000000070c000000, 0x000000070c000000|100%| O|  |TAMS 0x000000070c000000, 0x000000070bf00000| Untracked 
|  38|0x000000070c000000, 0x000000070c100000, 0x000000070c100000|100%| O|  |TAMS 0x000000070c100000, 0x000000070c000000| Untracked 
|  39|0x000000070c100000, 0x000000070c200000, 0x000000070c200000|100%| O|  |TAMS 0x000000070c200000, 0x000000070c100000| Untracked 
|  40|0x000000070c200000, 0x000000070c300000, 0x000000070c300000|100%| O|  |TAMS 0x000000070c300000, 0x000000070c200000| Untracked 
|  41|0x000000070c300000, 0x000000070c400000, 0x000000070c400000|100%| O|  |TAMS 0x000000070c400000, 0x000000070c300000| Untracked 
|  42|0x000000070c400000, 0x000000070c500000, 0x000000070c500000|100%| O|  |TAMS 0x000000070c500000, 0x000000070c400000| Untracked 
|  43|0x000000070c500000, 0x000000070c600000, 0x000000070c600000|100%| O|  |TAMS 0x000000070c600000, 0x000000070c500000| Untracked 
|  44|0x000000070c600000, 0x000000070c700000, 0x000000070c700000|100%| O|  |TAMS 0x000000070c700000, 0x000000070c600000| Untracked 
|  45|0x000000070c700000, 0x000000070c800000, 0x000000070c800000|100%| O|  |TAMS 0x000000070c800000, 0x000000070c700000| Untracked 
|  46|0x000000070c800000, 0x000000070c900000, 0x000000070c900000|100%| O|  |TAMS 0x000000070c900000, 0x000000070c800000| Untracked 
|  47|0x000000070c900000, 0x000000070ca00000, 0x000000070ca00000|100%| O|  |TAMS 0x000000070ca00000, 0x000000070c900000| Untracked 
|  48|0x000000070ca00000, 0x000000070cb00000, 0x000000070cb00000|100%| O|  |TAMS 0x000000070cb00000, 0x000000070ca00000| Untracked 
|  49|0x000000070cb00000, 0x000000070cc00000, 0x000000070cc00000|100%| O|  |TAMS 0x000000070cc00000, 0x000000070cb00000| Untracked 
|  50|0x000000070cc00000, 0x000000070cd00000, 0x000000070cd00000|100%| O|  |TAMS 0x000000070cd00000, 0x000000070cc00000| Untracked 
|  51|0x000000070cd00000, 0x000000070ce00000, 0x000000070ce00000|100%| O|  |TAMS 0x000000070ce00000, 0x000000070cd00000| Untracked 
|  52|0x000000070ce00000, 0x000000070cf00000, 0x000000070cf00000|100%| O|  |TAMS 0x000000070cf00000, 0x000000070ce00000| Untracked 
|  53|0x000000070cf00000, 0x000000070d000000, 0x000000070d000000|100%| O|  |TAMS 0x000000070d000000, 0x000000070cf00000| Untracked 
|  54|0x000000070d000000, 0x000000070d100000, 0x000000070d100000|100%| O|  |TAMS 0x000000070d100000, 0x000000070d000000| Untracked 
|  55|0x000000070d100000, 0x000000070d200000, 0x000000070d200000|100%| O|  |TAMS 0x000000070d200000, 0x000000070d100000| Untracked 
|  56|0x000000070d200000, 0x000000070d300000, 0x000000070d300000|100%| O|  |TAMS 0x000000070d300000, 0x000000070d200000| Untracked 
|  57|0x000000070d300000, 0x000000070d400000, 0x000000070d400000|100%| O|  |TAMS 0x000000070d400000, 0x000000070d300000| Untracked 
|  58|0x000000070d400000, 0x000000070d500000, 0x000000070d500000|100%| O|  |TAMS 0x000000070d500000, 0x000000070d400000| Untracked 
|  59|0x000000070d500000, 0x000000070d600000, 0x000000070d600000|100%| O|  |TAMS 0x000000070d600000, 0x000000070d500000| Untracked 
|  60|0x000000070d600000, 0x000000070d700000, 0x000000070d700000|100%|HS|  |TAMS 0x000000070d700000, 0x000000070d600000| Complete 
|  61|0x000000070d700000, 0x000000070d800000, 0x000000070d800000|100%|HC|  |TAMS 0x000000070d800000, 0x000000070d700000| Complete 
|  62|0x000000070d800000, 0x000000070d900000, 0x000000070d900000|100%|HC|  |TAMS 0x000000070d900000, 0x000000070d800000| Complete 
|  63|0x000000070d900000, 0x000000070da00000, 0x000000070da00000|100%|HC|  |TAMS 0x000000070da00000, 0x000000070d900000| Complete 
|  64|0x000000070da00000, 0x000000070db00000, 0x000000070db00000|100%|HC|  |TAMS 0x000000070db00000, 0x000000070da00000| Complete 
|  65|0x000000070db00000, 0x000000070dc00000, 0x000000070dc00000|100%|HC|  |TAMS 0x000000070dc00000, 0x000000070db00000| Complete 
|  66|0x000000070dc00000, 0x000000070dd00000, 0x000000070dd00000|100%|HC|  |TAMS 0x000000070dd00000, 0x000000070dc00000| Complete 
|  67|0x000000070dd00000, 0x000000070de00000, 0x000000070de00000|100%|HC|  |TAMS 0x000000070de00000, 0x000000070dd00000| Complete 
|  68|0x000000070de00000, 0x000000070df00000, 0x000000070df00000|100%|HC|  |TAMS 0x000000070df00000, 0x000000070de00000| Complete 
|  69|0x000000070df00000, 0x000000070e000000, 0x000000070e000000|100%| O|  |TAMS 0x000000070e000000, 0x000000070df00000| Untracked 
|  70|0x000000070e000000, 0x000000070e100000, 0x000000070e100000|100%| O|  |TAMS 0x000000070e100000, 0x000000070e000000| Untracked 
|  71|0x000000070e100000, 0x000000070e200000, 0x000000070e200000|100%| O|  |TAMS 0x000000070e200000, 0x000000070e100000| Untracked 
|  72|0x000000070e200000, 0x000000070e300000, 0x000000070e300000|100%| O|  |TAMS 0x000000070e300000, 0x000000070e200000| Untracked 
|  73|0x000000070e300000, 0x000000070e400000, 0x000000070e400000|100%| O|  |TAMS 0x000000070e400000, 0x000000070e300000| Untracked 
|  74|0x000000070e400000, 0x000000070e500000, 0x000000070e500000|100%| O|  |TAMS 0x000000070e500000, 0x000000070e400000| Untracked 
|  75|0x000000070e500000, 0x000000070e600000, 0x000000070e600000|100%| O|  |TAMS 0x000000070e600000, 0x000000070e500000| Untracked 
|  76|0x000000070e600000, 0x000000070e700000, 0x000000070e700000|100%| O|  |TAMS 0x000000070e700000, 0x000000070e600000| Untracked 
|  77|0x000000070e700000, 0x000000070e800000, 0x000000070e800000|100%| O|  |TAMS 0x000000070e800000, 0x000000070e700000| Untracked 
|  78|0x000000070e800000, 0x000000070e900000, 0x000000070e900000|100%| O|  |TAMS 0x000000070e900000, 0x000000070e800000| Untracked 
|  79|0x000000070e900000, 0x000000070ea00000, 0x000000070ea00000|100%| O|  |TAMS 0x000000070ea00000, 0x000000070e900000| Untracked 
|  80|0x000000070ea00000, 0x000000070eb00000, 0x000000070eb00000|100%| O|  |TAMS 0x000000070eb00000, 0x000000070ea00000| Untracked 
|  81|0x000000070eb00000, 0x000000070ec00000, 0x000000070ec00000|100%|HS|  |TAMS 0x000000070ec00000, 0x000000070eb00000| Complete 
|  82|0x000000070ec00000, 0x000000070ed00000, 0x000000070ed00000|100%|HC|  |TAMS 0x000000070ed00000, 0x000000070ec00000| Complete 
|  83|0x000000070ed00000, 0x000000070ee00000, 0x000000070ee00000|100%|HC|  |TAMS 0x000000070ee00000, 0x000000070ed00000| Complete 
|  84|0x000000070ee00000, 0x000000070ef00000, 0x000000070ef00000|100%|HC|  |TAMS 0x000000070ef00000, 0x000000070ee00000| Complete 
|  85|0x000000070ef00000, 0x000000070f000000, 0x000000070f000000|100%|HC|  |TAMS 0x000000070f000000, 0x000000070ef00000| Complete 
|  86|0x000000070f000000, 0x000000070f100000, 0x000000070f100000|100%|HC|  |TAMS 0x000000070f100000, 0x000000070f000000| Complete 
|  87|0x000000070f100000, 0x000000070f200000, 0x000000070f200000|100%|HC|  |TAMS 0x000000070f200000, 0x000000070f100000| Complete 
|  88|0x000000070f200000, 0x000000070f300000, 0x000000070f300000|100%|HC|  |TAMS 0x000000070f300000, 0x000000070f200000| Complete 
|  89|0x000000070f300000, 0x000000070f400000, 0x000000070f400000|100%|HC|  |TAMS 0x000000070f400000, 0x000000070f300000| Complete 
|  90|0x000000070f400000, 0x000000070f500000, 0x000000070f500000|100%|HC|  |TAMS 0x000000070f500000, 0x000000070f400000| Complete 
|  91|0x000000070f500000, 0x000000070f600000, 0x000000070f600000|100%|HC|  |TAMS 0x000000070f600000, 0x000000070f500000| Complete 
|  92|0x000000070f600000, 0x000000070f700000, 0x000000070f700000|100%|HC|  |TAMS 0x000000070f700000, 0x000000070f600000| Complete 
|  93|0x000000070f700000, 0x000000070f800000, 0x000000070f800000|100%|HC|  |TAMS 0x000000070f800000, 0x000000070f700000| Complete 
|  94|0x000000070f800000, 0x000000070f900000, 0x000000070f900000|100%|HC|  |TAMS 0x000000070f900000, 0x000000070f800000| Complete 
|  95|0x000000070f900000, 0x000000070fa00000, 0x000000070fa00000|100%|HC|  |TAMS 0x000000070fa00000, 0x000000070f900000| Complete 
|  96|0x000000070fa00000, 0x000000070fb00000, 0x000000070fb00000|100%|HC|  |TAMS 0x000000070fb00000, 0x000000070fa00000| Complete 
|  97|0x000000070fb00000, 0x000000070fc00000, 0x000000070fc00000|100%|HC|  |TAMS 0x000000070fc00000, 0x000000070fb00000| Complete 
|  98|0x000000070fc00000, 0x000000070fd00000, 0x000000070fd00000|100%|HC|  |TAMS 0x000000070fd00000, 0x000000070fc00000| Complete 
|  99|0x000000070fd00000, 0x000000070fe00000, 0x000000070fe00000|100%|HC|  |TAMS 0x000000070fe00000, 0x000000070fd00000| Complete 
| 100|0x000000070fe00000, 0x000000070ff00000, 0x000000070ff00000|100%|HC|  |TAMS 0x000000070ff00000, 0x000000070fe00000| Complete 
| 101|0x000000070ff00000, 0x0000000710000000, 0x0000000710000000|100%|HC|  |TAMS 0x0000000710000000, 0x000000070ff00000| Complete 
| 102|0x0000000710000000, 0x0000000710100000, 0x0000000710100000|100%|HC|  |TAMS 0x0000000710100000, 0x0000000710000000| Complete 
| 103|0x0000000710100000, 0x0000000710200000, 0x0000000710200000|100%|HC|  |TAMS 0x0000000710200000, 0x0000000710100000| Complete 
| 104|0x0000000710200000, 0x0000000710300000, 0x0000000710300000|100%|HC|  |TAMS 0x0000000710300000, 0x0000000710200000| Complete 
| 105|0x0000000710300000, 0x0000000710400000, 0x0000000710400000|100%|HC|  |TAMS 0x0000000710400000, 0x0000000710300000| Complete 
| 106|0x0000000710400000, 0x0000000710500000, 0x0000000710500000|100%|HC|  |TAMS 0x0000000710500000, 0x0000000710400000| Complete 
| 107|0x0000000710500000, 0x0000000710600000, 0x0000000710600000|100%|HC|  |TAMS 0x0000000710600000, 0x0000000710500000| Complete 
| 108|0x0000000710600000, 0x0000000710700000, 0x0000000710700000|100%|HC|  |TAMS 0x0000000710700000, 0x0000000710600000| Complete 
| 109|0x0000000710700000, 0x0000000710800000, 0x0000000710800000|100%|HC|  |TAMS 0x0000000710800000, 0x0000000710700000| Complete 
| 110|0x0000000710800000, 0x0000000710900000, 0x0000000710900000|100%|HC|  |TAMS 0x0000000710900000, 0x0000000710800000| Complete 
| 111|0x0000000710900000, 0x0000000710a00000, 0x0000000710a00000|100%|HC|  |TAMS 0x0000000710a00000, 0x0000000710900000| Complete 
| 112|0x0000000710a00000, 0x0000000710b00000, 0x0000000710b00000|100%|HC|  |TAMS 0x0000000710b00000, 0x0000000710a00000| Complete 
| 113|0x0000000710b00000, 0x0000000710b00000, 0x0000000710c00000|  0%| F|  |TAMS 0x0000000710b00000, 0x0000000710b00000| Untracked 
| 114|0x0000000710c00000, 0x0000000710c00000, 0x0000000710d00000|  0%| F|  |TAMS 0x0000000710c00000, 0x0000000710c00000| Untracked 
| 115|0x0000000710d00000, 0x0000000710d00000, 0x0000000710e00000|  0%| F|  |TAMS 0x0000000710d00000, 0x0000000710d00000| Untracked 
| 116|0x0000000710e00000, 0x0000000710e00000, 0x0000000710f00000|  0%| F|  |TAMS 0x0000000710e00000, 0x0000000710e00000| Untracked 
| 117|0x0000000710f00000, 0x0000000711000000, 0x0000000711000000|100%| O|  |TAMS 0x0000000711000000, 0x0000000710f00000| Untracked 
| 118|0x0000000711000000, 0x0000000711100000, 0x0000000711100000|100%| O|  |TAMS 0x0000000711100000, 0x0000000711000000| Untracked 
| 119|0x0000000711100000, 0x0000000711200000, 0x0000000711200000|100%| O|  |TAMS 0x0000000711200000, 0x0000000711100000| Untracked 
| 120|0x0000000711200000, 0x00000007112d4a00, 0x0000000711300000| 83%| O|  |TAMS 0x00000007112d4a00, 0x0000000711200000| Untracked 
| 121|0x0000000711300000, 0x0000000711300000, 0x0000000711400000|  0%| F|  |TAMS 0x0000000711300000, 0x0000000711300000| Untracked 
| 122|0x0000000711400000, 0x0000000711400000, 0x0000000711500000|  0%| F|  |TAMS 0x0000000711400000, 0x0000000711400000| Untracked 
| 123|0x0000000711500000, 0x0000000711500000, 0x0000000711600000|  0%| F|  |TAMS 0x0000000711500000, 0x0000000711500000| Untracked 
| 124|0x0000000711600000, 0x0000000711600000, 0x0000000711700000|  0%| F|  |TAMS 0x0000000711600000, 0x0000000711600000| Untracked 
| 125|0x0000000711700000, 0x0000000711700000, 0x0000000711800000|  0%| F|  |TAMS 0x0000000711700000, 0x0000000711700000| Untracked 
| 126|0x0000000711800000, 0x0000000711800000, 0x0000000711900000|  0%| F|  |TAMS 0x0000000711800000, 0x0000000711800000| Untracked 
| 127|0x0000000711900000, 0x0000000711900000, 0x0000000711a00000|  0%| F|  |TAMS 0x0000000711900000, 0x0000000711900000| Untracked 
| 128|0x0000000711a00000, 0x0000000711a00000, 0x0000000711b00000|  0%| F|  |TAMS 0x0000000711a00000, 0x0000000711a00000| Untracked 
| 129|0x0000000711b00000, 0x0000000711b00000, 0x0000000711c00000|  0%| F|  |TAMS 0x0000000711b00000, 0x0000000711b00000| Untracked 
| 130|0x0000000711c00000, 0x0000000711c00000, 0x0000000711d00000|  0%| F|  |TAMS 0x0000000711c00000, 0x0000000711c00000| Untracked 
| 131|0x0000000711d00000, 0x0000000711d00000, 0x0000000711e00000|  0%| F|  |TAMS 0x0000000711d00000, 0x0000000711d00000| Untracked 
| 132|0x0000000711e00000, 0x0000000711e00000, 0x0000000711f00000|  0%| F|  |TAMS 0x0000000711e00000, 0x0000000711e00000| Untracked 
| 133|0x0000000711f00000, 0x0000000711f00000, 0x0000000712000000|  0%| F|  |TAMS 0x0000000711f00000, 0x0000000711f00000| Untracked 
| 134|0x0000000712000000, 0x0000000712000000, 0x0000000712100000|  0%| F|  |TAMS 0x0000000712000000, 0x0000000712000000| Untracked 
| 135|0x0000000712100000, 0x0000000712100000, 0x0000000712200000|  0%| F|  |TAMS 0x0000000712100000, 0x0000000712100000| Untracked 
| 136|0x0000000712200000, 0x0000000712200000, 0x0000000712300000|  0%| F|  |TAMS 0x0000000712200000, 0x0000000712200000| Untracked 
| 137|0x0000000712300000, 0x0000000712300000, 0x0000000712400000|  0%| F|  |TAMS 0x0000000712300000, 0x0000000712300000| Untracked 
| 138|0x0000000712400000, 0x0000000712400000, 0x0000000712500000|  0%| F|  |TAMS 0x0000000712400000, 0x0000000712400000| Untracked 
| 139|0x0000000712500000, 0x0000000712500000, 0x0000000712600000|  0%| F|  |TAMS 0x0000000712500000, 0x0000000712500000| Untracked 
| 140|0x0000000712600000, 0x0000000712600000, 0x0000000712700000|  0%| F|  |TAMS 0x0000000712600000, 0x0000000712600000| Untracked 
| 141|0x0000000712700000, 0x0000000712700000, 0x0000000712800000|  0%| F|  |TAMS 0x0000000712700000, 0x0000000712700000| Untracked 
| 142|0x0000000712800000, 0x0000000712800000, 0x0000000712900000|  0%| F|  |TAMS 0x0000000712800000, 0x0000000712800000| Untracked 
| 143|0x0000000712900000, 0x0000000712900000, 0x0000000712a00000|  0%| F|  |TAMS 0x0000000712900000, 0x0000000712900000| Untracked 
| 144|0x0000000712a00000, 0x0000000712a00000, 0x0000000712b00000|  0%| F|  |TAMS 0x0000000712a00000, 0x0000000712a00000| Untracked 
| 145|0x0000000712b00000, 0x0000000712b00000, 0x0000000712c00000|  0%| F|  |TAMS 0x0000000712b00000, 0x0000000712b00000| Untracked 
| 146|0x0000000712c00000, 0x0000000712c00000, 0x0000000712d00000|  0%| F|  |TAMS 0x0000000712c00000, 0x0000000712c00000| Untracked 
| 147|0x0000000712d00000, 0x0000000712d00000, 0x0000000712e00000|  0%| F|  |TAMS 0x0000000712d00000, 0x0000000712d00000| Untracked 
| 148|0x0000000712e00000, 0x0000000712e00000, 0x0000000712f00000|  0%| F|  |TAMS 0x0000000712e00000, 0x0000000712e00000| Untracked 
| 149|0x0000000712f00000, 0x0000000712f00000, 0x0000000713000000|  0%| F|  |TAMS 0x0000000712f00000, 0x0000000712f00000| Untracked 
| 150|0x0000000713000000, 0x0000000713000000, 0x0000000713100000|  0%| F|  |TAMS 0x0000000713000000, 0x0000000713000000| Untracked 
| 151|0x0000000713100000, 0x0000000713100000, 0x0000000713200000|  0%| F|  |TAMS 0x0000000713100000, 0x0000000713100000| Untracked 
| 152|0x0000000713200000, 0x0000000713200000, 0x0000000713300000|  0%| F|  |TAMS 0x0000000713200000, 0x0000000713200000| Untracked 
| 153|0x0000000713300000, 0x0000000713300000, 0x0000000713400000|  0%| F|  |TAMS 0x0000000713300000, 0x0000000713300000| Untracked 
| 154|0x0000000713400000, 0x0000000713400000, 0x0000000713500000|  0%| F|  |TAMS 0x0000000713400000, 0x0000000713400000| Untracked 
| 155|0x0000000713500000, 0x0000000713500000, 0x0000000713600000|  0%| F|  |TAMS 0x0000000713500000, 0x0000000713500000| Untracked 
| 156|0x0000000713600000, 0x0000000713600000, 0x0000000713700000|  0%| F|  |TAMS 0x0000000713600000, 0x0000000713600000| Untracked 
| 157|0x0000000713700000, 0x0000000713700000, 0x0000000713800000|  0%| F|  |TAMS 0x0000000713700000, 0x0000000713700000| Untracked 
| 158|0x0000000713800000, 0x0000000713800000, 0x0000000713900000|  0%| F|  |TAMS 0x0000000713800000, 0x0000000713800000| Untracked 
| 159|0x0000000713900000, 0x0000000713900000, 0x0000000713a00000|  0%| F|  |TAMS 0x0000000713900000, 0x0000000713900000| Untracked 
| 160|0x0000000713a00000, 0x0000000713a00000, 0x0000000713b00000|  0%| F|  |TAMS 0x0000000713a00000, 0x0000000713a00000| Untracked 
| 161|0x0000000713b00000, 0x0000000713b00000, 0x0000000713c00000|  0%| F|  |TAMS 0x0000000713b00000, 0x0000000713b00000| Untracked 
| 162|0x0000000713c00000, 0x0000000713c00000, 0x0000000713d00000|  0%| F|  |TAMS 0x0000000713c00000, 0x0000000713c00000| Untracked 
| 163|0x0000000713d00000, 0x0000000713d768d0, 0x0000000713e00000| 46%| S|CS|TAMS 0x0000000713d00000, 0x0000000713d00000| Complete 
| 164|0x0000000713e00000, 0x0000000713f00000, 0x0000000713f00000|100%| S|CS|TAMS 0x0000000713e00000, 0x0000000713e00000| Complete 
| 165|0x0000000713f00000, 0x0000000714000000, 0x0000000714000000|100%| S|CS|TAMS 0x0000000713f00000, 0x0000000713f00000| Complete 
| 166|0x0000000714000000, 0x0000000714100000, 0x0000000714100000|100%| S|CS|TAMS 0x0000000714000000, 0x0000000714000000| Complete 
| 167|0x0000000714100000, 0x0000000714100000, 0x0000000714200000|  0%| F|  |TAMS 0x0000000714100000, 0x0000000714100000| Untracked 
| 168|0x0000000714200000, 0x0000000714200000, 0x0000000714300000|  0%| F|  |TAMS 0x0000000714200000, 0x0000000714200000| Untracked 
| 169|0x0000000714300000, 0x0000000714300000, 0x0000000714400000|  0%| F|  |TAMS 0x0000000714300000, 0x0000000714300000| Untracked 
| 170|0x0000000714400000, 0x0000000714400000, 0x0000000714500000|  0%| F|  |TAMS 0x0000000714400000, 0x0000000714400000| Untracked 
| 171|0x0000000714500000, 0x0000000714500000, 0x0000000714600000|  0%| F|  |TAMS 0x0000000714500000, 0x0000000714500000| Untracked 
| 172|0x0000000714600000, 0x0000000714600000, 0x0000000714700000|  0%| F|  |TAMS 0x0000000714600000, 0x0000000714600000| Untracked 
| 173|0x0000000714700000, 0x0000000714700000, 0x0000000714800000|  0%| F|  |TAMS 0x0000000714700000, 0x0000000714700000| Untracked 
| 174|0x0000000714800000, 0x0000000714800000, 0x0000000714900000|  0%| F|  |TAMS 0x0000000714800000, 0x0000000714800000| Untracked 
| 175|0x0000000714900000, 0x0000000714900800, 0x0000000714a00000|  0%| E|  |TAMS 0x0000000714900000, 0x0000000714900000| Complete 
| 176|0x0000000714a00000, 0x0000000714b00000, 0x0000000714b00000|100%| E|CS|TAMS 0x0000000714a00000, 0x0000000714a00000| Complete 
| 177|0x0000000714b00000, 0x0000000714c00000, 0x0000000714c00000|100%| E|CS|TAMS 0x0000000714b00000, 0x0000000714b00000| Complete 
| 178|0x0000000714c00000, 0x0000000714d00000, 0x0000000714d00000|100%| E|CS|TAMS 0x0000000714c00000, 0x0000000714c00000| Complete 
| 179|0x0000000714d00000, 0x0000000714e00000, 0x0000000714e00000|100%| E|CS|TAMS 0x0000000714d00000, 0x0000000714d00000| Complete 
| 180|0x0000000714e00000, 0x0000000714f00000, 0x0000000714f00000|100%| E|CS|TAMS 0x0000000714e00000, 0x0000000714e00000| Complete 
| 181|0x0000000714f00000, 0x0000000715000000, 0x0000000715000000|100%| E|CS|TAMS 0x0000000714f00000, 0x0000000714f00000| Complete 
| 182|0x0000000715000000, 0x0000000715100000, 0x0000000715100000|100%| E|CS|TAMS 0x0000000715000000, 0x0000000715000000| Complete 
| 183|0x0000000715100000, 0x0000000715200000, 0x0000000715200000|100%| E|CS|TAMS 0x0000000715100000, 0x0000000715100000| Complete 
| 184|0x0000000715200000, 0x0000000715300000, 0x0000000715300000|100%| E|CS|TAMS 0x0000000715200000, 0x0000000715200000| Complete 
| 185|0x0000000715300000, 0x0000000715400000, 0x0000000715400000|100%| E|CS|TAMS 0x0000000715300000, 0x0000000715300000| Complete 
| 186|0x0000000715400000, 0x0000000715500000, 0x0000000715500000|100%| E|CS|TAMS 0x0000000715400000, 0x0000000715400000| Complete 
| 187|0x0000000715500000, 0x0000000715600000, 0x0000000715600000|100%| E|CS|TAMS 0x0000000715500000, 0x0000000715500000| Complete 
| 188|0x0000000715600000, 0x0000000715700000, 0x0000000715700000|100%| E|CS|TAMS 0x0000000715600000, 0x0000000715600000| Complete 
| 189|0x0000000715700000, 0x0000000715800000, 0x0000000715800000|100%| E|CS|TAMS 0x0000000715700000, 0x0000000715700000| Complete 
| 190|0x0000000715800000, 0x0000000715900000, 0x0000000715900000|100%| E|CS|TAMS 0x0000000715800000, 0x0000000715800000| Complete 
| 191|0x0000000715900000, 0x0000000715a00000, 0x0000000715a00000|100%| E|CS|TAMS 0x0000000715900000, 0x0000000715900000| Complete 
| 192|0x0000000715a00000, 0x0000000715b00000, 0x0000000715b00000|100%| E|CS|TAMS 0x0000000715a00000, 0x0000000715a00000| Complete 
| 193|0x0000000715b00000, 0x0000000715c00000, 0x0000000715c00000|100%| E|CS|TAMS 0x0000000715b00000, 0x0000000715b00000| Complete 
| 194|0x0000000715c00000, 0x0000000715d00000, 0x0000000715d00000|100%| E|CS|TAMS 0x0000000715c00000, 0x0000000715c00000| Complete 
| 227|0x0000000717d00000, 0x0000000717e00000, 0x0000000717e00000|100%| E|CS|TAMS 0x0000000717d00000, 0x0000000717d00000| Complete 
| 228|0x0000000717e00000, 0x0000000717f00000, 0x0000000717f00000|100%| E|CS|TAMS 0x0000000717e00000, 0x0000000717e00000| Complete 
| 229|0x0000000717f00000, 0x0000000718000000, 0x0000000718000000|100%| E|CS|TAMS 0x0000000717f00000, 0x0000000717f00000| Complete 
| 247|0x0000000719100000, 0x0000000719200000, 0x0000000719200000|100%| E|CS|TAMS 0x0000000719100000, 0x0000000719100000| Complete 

Card table byte_map: [0x000002c9f7f40000,0x000002c9f8700000] _byte_map_base: 0x000002c9f46f3000

Marking Bits (Prev, Next): (CMBitMap*) 0x000002c9dc6afc28, (CMBitMap*) 0x000002c9dc6afc68
 Prev Bits: [0x000002c9f8ec0000, 0x000002c9fcc58000)
 Next Bits: [0x000002c980000000, 0x000002c983d98000)

Polling page: 0x000002c9dc350000

Metaspace:

Usage:
  Non-class:     44.83 MB capacity,    44.04 MB ( 98%) used,   653.77 KB (  1%) free+waste,   163.50 KB ( <1%) overhead. 
      Class:      7.41 MB capacity,     6.91 MB ( 93%) used,   437.12 KB (  6%) free+waste,    79.75 KB (  1%) overhead. 
       Both:     52.25 MB capacity,    50.95 MB ( 98%) used,     1.07 MB (  2%) free+waste,   243.25 KB ( <1%) overhead. 

Virtual space:
  Non-class space:       46.00 MB reserved,      45.00 MB ( 98%) committed 
      Class space:        1.00 GB reserved,       7.50 MB ( <1%) committed 
             Both:        1.04 GB reserved,      52.50 MB (  5%) committed 

Chunk freelists:
   Non-Class:  41.00 KB
       Class:  24.00 KB
        Both:  65.00 KB

MaxMetaspaceSize: 17179869184.00 GB
CompressedClassSpaceSize: 1.00 GB

CodeHeap 'non-profiled nmethods': size=120000Kb used=5539Kb max_used=5539Kb free=114460Kb
 bounds [0x000002c9ef480000, 0x000002c9ef9f0000, 0x000002c9f69b0000]
CodeHeap 'profiled nmethods': size=120000Kb used=16098Kb max_used=16098Kb free=103902Kb
 bounds [0x000002c9e7f50000, 0x000002c9e8f10000, 0x000002c9ef480000]
CodeHeap 'non-nmethods': size=5760Kb used=1646Kb max_used=1704Kb free=4113Kb
 bounds [0x000002c9e79b0000, 0x000002c9e7c20000, 0x000002c9e7f50000]
 total_blobs=11513 nmethods=6721 adapters=930
 compilation: enabled
              stopped_count=0, restarted_count=0
 full_count=0

Compilation events (20 events):
Event: 145.929 Thread 0x000002c9ffac4000 nmethod 7655 0x000002c9ef9dd690 code [0x000002c9ef9dd820, 0x000002c9ef9dd8d8]
Event: 147.137 Thread 0x000002c9ffac4000 7656       4       java.awt.Component::dispatchEventImpl (777 bytes)
Event: 147.179 Thread 0x000002c9ffac4000 nmethod 7656 0x000002c9ef9dda10 code [0x000002c9ef9de040, 0x000002c9ef9e1ba0]
Event: 147.977 Thread 0x000002c9ffac4000 7657   !   4       com.sun.javafx.tk.quantum.PaintCollector::renderAll (381 bytes)
Event: 147.978 Thread 0x000002c9ffac4000 nmethod 7657 0x000002c9ef9e3f10 code [0x000002c9ef9e40a0, 0x000002c9ef9e4138]
Event: 150.024 Thread 0x000002c9ffac4000 7658       4       javafx.scene.web.WebEngine$PulseTimer$$Lambda$798/0x00000008011c3c40::pulse (4 bytes)
Event: 150.025 Thread 0x000002c9ffac4000 nmethod 7658 0x000002c9ef9e4210 code [0x000002c9ef9e43a0, 0x000002c9ef9e4448]
Event: 150.113 Thread 0x000002c9ffac4000 7659       4       java.util.GregorianCalendar::computeFields (1585 bytes)
Event: 150.134 Thread 0x000002c9ffac4000 nmethod 7659 0x000002c9ef9e4510 code [0x000002c9ef9e4720, 0x000002c9ef9e5fb8]
Event: 151.763 Thread 0x000002c9ffac4000 7660       4       java.awt.EventQueue::postEvent (13 bytes)
Event: 151.764 Thread 0x000002c9ffac4000 nmethod 7660 0x000002c9ef9e7610 code [0x000002c9ef9e77c0, 0x000002c9ef9e78e8]
Event: 152.197 Thread 0x000002c9ffac4000 7661  s!   4       javax.swing.text.AbstractDocument::readLock (51 bytes)
Event: 152.198 Thread 0x000002c9ffac4000 nmethod 7661 0x000002c9ef9e7a90 code [0x000002c9ef9e7c20, 0x000002c9ef9e7e58]
Event: 152.763 Thread 0x000002c9ffac4000 7662  s    4       javax.swing.text.AbstractDocument::readUnlock (44 bytes)
Event: 152.764 Thread 0x000002c9ffac4000 nmethod 7662 0x000002c9ef9e7f10 code [0x000002c9ef9e80a0, 0x000002c9ef9e8408]
Event: 157.767 Thread 0x000002c9ffac4000 7663       4       java.util.BitSet::checkInvariants (111 bytes)
Event: 157.768 Thread 0x000002c9ffac4000 nmethod 7663 0x000002c9ef9e8510 code [0x000002c9ef9e86a0, 0x000002c9ef9e8718]
Event: 157.861 Thread 0x000002c9ffac4000 7664       4       javax.swing.plaf.metal.MetalScrollButton::getPreferredSize (137 bytes)
Event: 157.863 Thread 0x000002c9ffac4000 nmethod 7664 0x000002c9ef9e8810 code [0x000002c9ef9e89c0, 0x000002c9ef9e8cf8]
Event: 163.865 Thread 0x000002c9ffac4000 7665   !   4       javax.swing.JViewport::setViewPosition (359 bytes)

GC Heap History (20 events):
Event: 11.118 GC heap before
{Heap before GC invocations=17 (full 0):
 garbage-first heap   total 92160K, used 75024K [0x0000000709a00000, 0x0000000800000000)
  region size 1024K, 24 young (24576K), 4 survivors (4096K)
 Metaspace       used 41150K, capacity 41662K, committed 42112K, reserved 1085440K
  class space    used 5469K, capacity 5638K, committed 5760K, reserved 1048576K
}
Event: 11.122 GC heap after
{Heap after GC invocations=18 (full 0):
 garbage-first heap   total 92160K, used 57687K [0x0000000709a00000, 0x0000000800000000)
  region size 1024K, 3 young (3072K), 3 survivors (3072K)
 Metaspace       used 41150K, capacity 41662K, committed 42112K, reserved 1085440K
  class space    used 5469K, capacity 5638K, committed 5760K, reserved 1048576K
}
Event: 11.253 GC heap before
{Heap before GC invocations=19 (full 0):
 garbage-first heap   total 101376K, used 74071K [0x0000000709a00000, 0x0000000800000000)
  region size 1024K, 20 young (20480K), 3 survivors (3072K)
 Metaspace       used 41467K, capacity 41950K, committed 42368K, reserved 1085440K
  class space    used 5556K, capacity 5734K, committed 5760K, reserved 1048576K
}
Event: 11.255 GC heap after
{Heap after GC invocations=20 (full 0):
 garbage-first heap   total 101376K, used 60702K [0x0000000709a00000, 0x0000000800000000)
  region size 1024K, 3 young (3072K), 3 survivors (3072K)
 Metaspace       used 41467K, capacity 41950K, committed 42368K, reserved 1085440K
  class space    used 5556K, capacity 5734K, committed 5760K, reserved 1048576K
}
Event: 11.331 GC heap before
{Heap before GC invocations=20 (full 0):
 garbage-first heap   total 101376K, used 69918K [0x0000000709a00000, 0x0000000800000000)
  region size 1024K, 13 young (13312K), 3 survivors (3072K)
 Metaspace       used 41612K, capacity 42142K, committed 42496K, reserved 1085440K
  class space    used 5602K, capacity 5798K, committed 5888K, reserved 1048576K
}
Event: 11.334 GC heap after
{Heap after GC invocations=21 (full 0):
 garbage-first heap   total 101376K, used 62179K [0x0000000709a00000, 0x0000000800000000)
  region size 1024K, 2 young (2048K), 2 survivors (2048K)
 Metaspace       used 41612K, capacity 42142K, committed 42496K, reserved 1085440K
  class space    used 5602K, capacity 5798K, committed 5888K, reserved 1048576K
}
Event: 11.414 GC heap before
{Heap before GC invocations=22 (full 0):
 garbage-first heap   total 135168K, used 86755K [0x0000000709a00000, 0x0000000800000000)
  region size 1024K, 18 young (18432K), 2 survivors (2048K)
 Metaspace       used 41752K, capacity 42269K, committed 42752K, reserved 1085440K
  class space    used 5640K, capacity 5819K, committed 5888K, reserved 1048576K
}
Event: 11.416 GC heap after
{Heap after GC invocations=23 (full 0):
 garbage-first heap   total 135168K, used 72052K [0x0000000709a00000, 0x0000000800000000)
  region size 1024K, 3 young (3072K), 3 survivors (3072K)
 Metaspace       used 41752K, capacity 42269K, committed 42752K, reserved 1085440K
  class space    used 5640K, capacity 5819K, committed 5888K, reserved 1048576K
}
Event: 11.592 GC heap before
{Heap before GC invocations=23 (full 0):
 garbage-first heap   total 135168K, used 96628K [0x0000000709a00000, 0x0000000800000000)
  region size 1024K, 28 young (28672K), 3 survivors (3072K)
 Metaspace       used 42311K, capacity 43088K, committed 43264K, reserved 1087488K
  class space    used 5767K, capacity 6049K, committed 6144K, reserved 1048576K
}
Event: 11.596 GC heap after
{Heap after GC invocations=24 (full 0):
 garbage-first heap   total 135168K, used 77179K [0x0000000709a00000, 0x0000000800000000)
  region size 1024K, 4 young (4096K), 4 survivors (4096K)
 Metaspace       used 42311K, capacity 43088K, committed 43264K, reserved 1087488K
  class space    used 5767K, capacity 6049K, committed 6144K, reserved 1048576K
}
Event: 11.770 GC heap before
{Heap before GC invocations=25 (full 0):
 garbage-first heap   total 135168K, used 101755K [0x0000000709a00000, 0x0000000800000000)
  region size 1024K, 28 young (28672K), 4 survivors (4096K)
 Metaspace       used 42731K, capacity 43734K, committed 43904K, reserved 1087488K
  class space    used 5875K, capacity 6243K, committed 6272K, reserved 1048576K
}
Event: 11.773 GC heap after
{Heap after GC invocations=26 (full 0):
 garbage-first heap   total 135168K, used 82045K [0x0000000709a00000, 0x0000000800000000)
  region size 1024K, 4 young (4096K), 4 survivors (4096K)
 Metaspace       used 42731K, capacity 43734K, committed 43904K, reserved 1087488K
  class space    used 5875K, capacity 6243K, committed 6272K, reserved 1048576K
}
Event: 11.915 GC heap before
{Heap before GC invocations=26 (full 0):
 garbage-first heap   total 135168K, used 95357K [0x0000000709a00000, 0x0000000800000000)
  region size 1024K, 19 young (19456K), 4 survivors (4096K)
 Metaspace       used 43204K, capacity 44320K, committed 44544K, reserved 1087488K
  class space    used 5921K, capacity 6353K, committed 6400K, reserved 1048576K
}
Event: 11.918 GC heap after
{Heap after GC invocations=27 (full 0):
 garbage-first heap   total 135168K, used 86411K [0x0000000709a00000, 0x0000000800000000)
  region size 1024K, 4 young (4096K), 4 survivors (4096K)
 Metaspace       used 43204K, capacity 44320K, committed 44544K, reserved 1087488K
  class space    used 5921K, capacity 6353K, committed 6400K, reserved 1048576K
}
Event: 11.965 GC heap before
{Heap before GC invocations=28 (full 0):
 garbage-first heap   total 203776K, used 136587K [0x0000000709a00000, 0x0000000800000000)
  region size 1024K, 22 young (22528K), 4 survivors (4096K)
 Metaspace       used 43205K, capacity 44320K, committed 44544K, reserved 1087488K
  class space    used 5921K, capacity 6353K, committed 6400K, reserved 1048576K
}
Event: 11.967 GC heap after
{Heap after GC invocations=29 (full 0):
 garbage-first heap   total 203776K, used 119426K [0x0000000709a00000, 0x0000000800000000)
  region size 1024K, 1 young (1024K), 1 survivors (1024K)
 Metaspace       used 43205K, capacity 44320K, committed 44544K, reserved 1087488K
  class space    used 5921K, capacity 6353K, committed 6400K, reserved 1048576K
}
Event: 57.961 GC heap before
{Heap before GC invocations=29 (full 0):
 garbage-first heap   total 203776K, used 147074K [0x0000000709a00000, 0x0000000800000000)
  region size 1024K, 29 young (29696K), 1 survivors (1024K)
 Metaspace       used 44560K, capacity 45708K, committed 45952K, reserved 1089536K
  class space    used 6027K, capacity 6452K, committed 6528K, reserved 1048576K
}
Event: 57.962 GC heap after
{Heap after GC invocations=30 (full 0):
 garbage-first heap   total 203776K, used 119999K [0x0000000709a00000, 0x0000000800000000)
  region size 1024K, 1 young (1024K), 1 survivors (1024K)
 Metaspace       used 44560K, capacity 45708K, committed 45952K, reserved 1089536K
  class space    used 6027K, capacity 6452K, committed 6528K, reserved 1048576K
}
Event: 73.346 GC heap before
{Heap before GC invocations=31 (full 0):
 garbage-first heap   total 203776K, used 150719K [0x0000000709a00000, 0x0000000800000000)
  region size 1024K, 32 young (32768K), 1 survivors (1024K)
 Metaspace       used 51501K, capacity 52797K, committed 52992K, reserved 1095680K
  class space    used 7050K, capacity 7591K, committed 7680K, reserved 1048576K
}
Event: 73.349 GC heap after
{Heap after GC invocations=32 (full 0):
 garbage-first heap   total 203776K, used 122894K [0x0000000709a00000, 0x0000000800000000)
  region size 1024K, 4 young (4096K), 4 survivors (4096K)
 Metaspace       used 51501K, capacity 52797K, committed 52992K, reserved 1095680K
  class space    used 7050K, capacity 7591K, committed 7680K, reserved 1048576K
}

Deoptimization events (20 events):
Event: 76.279 Thread 0x000002c985164800 DEOPT PACKING pc=0x000002c9ef922ed0 sp=0x000000e99fafd400
Event: 76.279 Thread 0x000002c985164800 DEOPT UNPACKING pc=0x000002c9e79f912f sp=0x000000e99fafd348 mode 2
Event: 77.820 Thread 0x000002c985164800 Uncommon trap: trap_request=0xffffff45 fr.pc=0x000002c9ef6c9010 relative=0x0000000000000350
Event: 77.820 Thread 0x000002c985164800 Uncommon trap: reason=unstable_if action=reinterpret pc=0x000002c9ef6c9010 method=java.awt.AWTEvent.<init>(Ljava/lang/Object;I)V @ 28 c2
Event: 77.820 Thread 0x000002c985164800 DEOPT PACKING pc=0x000002c9ef6c9010 sp=0x000000e99fafe360
Event: 77.820 Thread 0x000002c985164800 DEOPT UNPACKING pc=0x000002c9e79f912f sp=0x000000e99fafe330 mode 2
Event: 79.606 Thread 0x000002c985164800 DEOPT PACKING pc=0x000002c9e8db1094 sp=0x000000e99fafd220
Event: 79.606 Thread 0x000002c985164800 DEOPT UNPACKING pc=0x000002c9e79f964e sp=0x000000e99fafc5e8 mode 0
Event: 79.606 Thread 0x000002c985164800 DEOPT PACKING pc=0x000002c9e8db1541 sp=0x000000e99fafd280
Event: 79.606 Thread 0x000002c985164800 DEOPT UNPACKING pc=0x000002c9e79f964e sp=0x000000e99fafc648 mode 0
Event: 79.606 Thread 0x000002c985164800 DEOPT PACKING pc=0x000002c9e8db139b sp=0x000000e99fafd280
Event: 79.606 Thread 0x000002c985164800 DEOPT UNPACKING pc=0x000002c9e79f964e sp=0x000000e99fafc648 mode 0
Event: 79.606 Thread 0x000002c985164800 DEOPT PACKING pc=0x000002c9e8db1094 sp=0x000000e99fafd280
Event: 79.606 Thread 0x000002c985164800 DEOPT UNPACKING pc=0x000002c9e79f964e sp=0x000000e99fafc648 mode 0
Event: 79.607 Thread 0x000002c985164800 DEOPT PACKING pc=0x000002c9e8b06c7a sp=0x000000e99fafd200
Event: 79.607 Thread 0x000002c985164800 DEOPT UNPACKING pc=0x000002c9e79f964e sp=0x000000e99fafc640 mode 0
Event: 139.653 Thread 0x000002c985164800 Uncommon trap: trap_request=0xffffff45 fr.pc=0x000002c9ef869714 relative=0x00000000000007f4
Event: 139.653 Thread 0x000002c985164800 Uncommon trap: reason=unstable_if action=reinterpret pc=0x000002c9ef869714 method=java.awt.KeyboardFocusManager.clearMostRecentFocusOwner(Ljava/awt/Component;)V @ 88 c2
Event: 139.653 Thread 0x000002c985164800 DEOPT PACKING pc=0x000002c9ef869714 sp=0x000000e99fafdb70
Event: 139.653 Thread 0x000002c985164800 DEOPT UNPACKING pc=0x000002c9e79f912f sp=0x000000e99fafdb20 mode 2

Classes unloaded (0 events):
No events

Classes redefined (0 events):
No events

Internal exceptions (20 events):
Event: 59.172 Thread 0x000002c98eee2000 Exception <a 'java/lang/NoSuchMethodError'{0x0000000717ec7490}: 'int java.lang.invoke.DirectMethodHandle$Holder.invokeSpecial(java.lang.Object, java.lang.Object, java.lang.Object, java.lang.Object)'> (0x0000000717ec7490) 
thrown [c:/ws/workspace/jdk-13.0.2/label/windows-x86_64/type/b11/build/src/hotspot/share/interpreter/linkResolver.cpp, line 767]
Event: 59.467 Thread 0x000002c98eee2000 Exception <a 'java/lang/NoSuchMethodError'{0x00000007159502b0}: 'void java.lang.invoke.DirectMethodHandle$Holder.invokeStaticInit(java.lang.Object, java.lang.Object)'> (0x00000007159502b0) 
thrown [c:/ws/workspace/jdk-13.0.2/label/windows-x86_64/type/b11/build/src/hotspot/share/interpreter/linkResolver.cpp, line 767]
Event: 59.537 Thread 0x000002c98eee2000 Exception <a 'java/lang/NoSuchMethodError'{0x00000007157ef7c8}: 'java.lang.Object java.lang.invoke.DirectMethodHandle$Holder.invokeInterface(java.lang.Object, java.lang.Object, java.lang.Object)'> (0x00000007157ef7c8) 
thrown [c:/ws/workspace/jdk-13.0.2/label/windows-x86_64/type/b11/build/src/hotspot/share/interpreter/linkResolver.cpp, line 767]
Event: 59.537 Thread 0x000002c98eee2000 Exception <a 'java/lang/IncompatibleClassChangeError'{0x00000007157f2658}: Found class java.lang.Object, but interface was expected> (0x00000007157f2658) 
thrown [c:/ws/workspace/jdk-13.0.2/label/windows-x86_64/type/b11/build/src/hotspot/share/interpreter/linkResolver.cpp, line 833]
Event: 59.545 Thread 0x000002c98eee2000 Exception <a 'java/lang/NoSuchMethodError'{0x0000000715628ba0}: 'java.lang.Object java.lang.invoke.DirectMethodHandle$Holder.invokeStatic(java.lang.Object, java.lang.Object, int, int)'> (0x0000000715628ba0) 
thrown [c:/ws/workspace/jdk-13.0.2/label/windows-x86_64/type/b11/build/src/hotspot/share/interpreter/linkResolver.cpp, line 767]
Event: 59.545 Thread 0x000002c98eee2000 Exception <a 'java/lang/NoSuchMethodError'{0x000000071562ebc8}: 'java.lang.Object java.lang.invoke.Invokers$Holder.linkToTargetMethod(java.lang.Object, int, int, java.lang.Object)'> (0x000000071562ebc8) 
thrown [c:/ws/workspace/jdk-13.0.2/label/windows-x86_64/type/b11/build/src/hotspot/share/interpreter/linkResolver.cpp, line 767]
Event: 59.553 Thread 0x000002c98eee2000 Exception <a 'sun/nio/fs/WindowsException'{0x0000000715673800}> (0x0000000715673800) 
thrown [c:/ws/workspace/jdk-13.0.2/label/windows-x86_64/type/b11/build/src/hotspot/share/prims/jni.cpp, line 598]
Event: 59.554 Thread 0x000002c98eee2000 Exception <a 'sun/nio/fs/WindowsException'{0x0000000715675208}> (0x0000000715675208) 
thrown [c:/ws/workspace/jdk-13.0.2/label/windows-x86_64/type/b11/build/src/hotspot/share/prims/jni.cpp, line 598]
Event: 59.567 Thread 0x000002c98eee2000 Exception <a 'java/lang/NoSuchMethodError'{0x00000007156c30d8}: 'java.lang.Object java.lang.invoke.DirectMethodHandle$Holder.invokeStatic(java.lang.Object, java.lang.Object, java.lang.Object, java.lang.Object, java.lang.Object, java.lang.Object, java.lang.Object, java.lang.Object, java.lang.Object, java.lang.Object, java.lang.Object, java.lang.Object, java.lang.Object, java.lang.Object, java.lang.Object)'> (0x00000007156c30d8) 
thrown [c:/ws/workspace/jdk-13.0.2/label/windows-x86_64/type/b11/build/src/hots
Event: 59.568 Thread 0x000002c98eee2000 Exception <a 'java/lang/NoSuchMethodError'{0x00000007156cf768}: 'java.lang.Object java.lang.invoke.DirectMethodHandle$Holder.invokeStatic(java.lang.Object, java.lang.Object, java.lang.Object, java.lang.Object, java.lang.Object, java.lang.Object, java.lang.Object, java.lang.Object, java.lang.Object, java.lang.Object, java.lang.Object, java.lang.Object, java.lang.Object, java.lang.Object, java.lang.Object, java.lang.Object)'> (0x00000007156cf768) 
thrown [c:/ws/workspace/jdk-13.0.2/label/windows-x86_64/type/
Event: 59.568 Thread 0x000002c98eee2000 Exception <a 'java/lang/NoSuchMethodError'{0x00000007156dcb70}: 'java.lang.Object java.lang.invoke.DirectMethodHandle$Holder.invokeSpecial(java.lang.Object, java.lang.Object, long, long, int, java.lang.Object, java.lang.Object, java.lang.Object, int)'> (0x00000007156dcb70) 
thrown [c:/ws/workspace/jdk-13.0.2/label/windows-x86_64/type/b11/build/src/hotspot/share/interpreter/linkResolver.cpp, line 767]
Event: 59.568 Thread 0x000002c98eee2000 Exception <a 'java/lang/NoSuchMethodError'{0x00000007156dfde0}: 'java.lang.Object java.lang.invoke.DelegatingMethodHandle$Holder.reinvoke_L(java.lang.Object, long, long, int, java.lang.Object, java.lang.Object, java.lang.Object, int)'> (0x00000007156dfde0) 
thrown [c:/ws/workspace/jdk-13.0.2/label/windows-x86_64/type/b11/build/src/hotspot/share/interpreter/linkResolver.cpp, line 767]
Event: 59.751 Thread 0x000002c98eee2000 Exception <a 'sun/nio/fs/WindowsException'{0x00000007154414b0}> (0x00000007154414b0) 
thrown [c:/ws/workspace/jdk-13.0.2/label/windows-x86_64/type/b11/build/src/hotspot/share/prims/jni.cpp, line 598]
Event: 59.752 Thread 0x000002c98eee2000 Exception <a 'sun/nio/fs/WindowsException'{0x00000007154420d0}> (0x00000007154420d0) 
thrown [c:/ws/workspace/jdk-13.0.2/label/windows-x86_64/type/b11/build/src/hotspot/share/prims/jni.cpp, line 598]
Event: 59.917 Thread 0x000002c98eee2000 Exception <a 'java/lang/NoSuchMethodError'{0x0000000715300e58}: 'long java.lang.invoke.DirectMethodHandle$Holder.invokeStatic(java.lang.Object, java.lang.Object, java.lang.Object)'> (0x0000000715300e58) 
thrown [c:/ws/workspace/jdk-13.0.2/label/windows-x86_64/type/b11/build/src/hotspot/share/interpreter/linkResolver.cpp, line 767]
Event: 59.917 Thread 0x000002c98eee2000 Exception <a 'java/lang/NoSuchMethodError'{0x0000000715303b00}: 'long java.lang.invoke.DirectMethodHandle$Holder.invokeStaticInit(java.lang.Object, java.lang.Object, java.lang.Object)'> (0x0000000715303b00) 
thrown [c:/ws/workspace/jdk-13.0.2/label/windows-x86_64/type/b11/build/src/hotspot/share/interpreter/linkResolver.cpp, line 767]
Event: 59.918 Thread 0x000002c98eee2000 Exception <a 'java/lang/NoSuchMethodError'{0x0000000715318478}: 'java.lang.Object java.lang.invoke.Invokers$Holder.linkToTargetMethod(java.lang.Object, long, java.lang.Object)'> (0x0000000715318478) 
thrown [c:/ws/workspace/jdk-13.0.2/label/windows-x86_64/type/b11/build/src/hotspot/share/interpreter/linkResolver.cpp, line 767]
Event: 59.925 Thread 0x000002c98eee2000 Exception <a 'java/lang/NoSuchMethodError'{0x00000007153671c8}: 'java.lang.Object java.lang.invoke.Invokers$Holder.linkToTargetMethod(int, int, int, int, java.lang.Object)'> (0x00000007153671c8) 
thrown [c:/ws/workspace/jdk-13.0.2/label/windows-x86_64/type/b11/build/src/hotspot/share/interpreter/linkResolver.cpp, line 767]
Event: 59.933 Thread 0x000002c98eee6000 Exception <a 'java/lang/NoSuchMethodError'{0x0000000715386fd8}: 'int java.lang.invoke.DirectMethodHandle$Holder.invokeStaticInit(java.lang.Object, java.lang.Object)'> (0x0000000715386fd8) 
thrown [c:/ws/workspace/jdk-13.0.2/label/windows-x86_64/type/b11/build/src/hotspot/share/interpreter/linkResolver.cpp, line 767]
Event: 74.162 Thread 0x000002c985164800 Implicit null exception at 0x000002c9ef7fb716 to 0x000002c9ef7fb9e0

Events (20 events):
Event: 77.822 loading class javax/swing/JViewport$AccessibleJViewport
Event: 77.822 loading class javax/swing/JViewport$AccessibleJViewport done
Event: 83.362 Thread 0x000002c98eee7000 Thread added: 0x000002c98eee7000
Event: 83.362 Thread 0x000002c98eee7000 Thread exited: 0x000002c98eee7000
Event: 83.363 Thread 0x000002c98eee7000 Thread added: 0x000002c98eee7000
Event: 83.363 Thread 0x000002c98eee7000 Thread exited: 0x000002c98eee7000
Event: 83.363 Thread 0x000002c98eee7000 Thread added: 0x000002c98eee7000
Event: 83.363 Thread 0x000002c98eee7000 Thread exited: 0x000002c98eee7000
Event: 83.364 Thread 0x000002c98eee7000 Thread added: 0x000002c98eee7000
Event: 83.364 Thread 0x000002c98eee7000 Thread exited: 0x000002c98eee7000
Event: 83.364 Thread 0x000002c98eee7000 Thread added: 0x000002c98eee7000
Event: 83.364 Thread 0x000002c98eee7000 Thread exited: 0x000002c98eee7000
Event: 83.364 Thread 0x000002c98eee7000 Thread added: 0x000002c98eee7000
Event: 83.364 Thread 0x000002c98eee7000 Thread exited: 0x000002c98eee7000
Event: 83.364 Thread 0x000002c98eee8800 Thread added: 0x000002c98eee8800
Event: 83.364 Thread 0x000002c98eee8800 Thread exited: 0x000002c98eee8800
Event: 84.073 Loaded shared library C:\Program Files\BellSoft\LibericaJDK-13-Full\bin\zip.dll
Event: 84.074 Loaded shared library C:\Program Files\BellSoft\LibericaJDK-13-Full\bin\zip.dll
Event: 84.074 Loaded shared library C:\Program Files\BellSoft\LibericaJDK-13-Full\bin\zip.dll
Event: 84.074 Loaded shared library C:\Program Files\BellSoft\LibericaJDK-13-Full\bin\zip.dll


Dynamic libraries:
0x00007ff7f6100000 - 0x00007ff7f610d000 	C:\Program Files\BellSoft\LibericaJDK-13-Full\bin\java.exe
0x00007ff9aa450000 - 0x00007ff9aa648000 	C:\WINDOWS\SYSTEM32\ntdll.dll
0x00007ff9aa020000 - 0x00007ff9aa0dd000 	C:\WINDOWS\System32\KERNEL32.DLL
0x00007ff9a7f00000 - 0x00007ff9a81f6000 	C:\WINDOWS\System32\KERNELBASE.dll
0x00007ff9a8200000 - 0x00007ff9a8300000 	C:\WINDOWS\System32\ucrtbase.dll
0x00007ff963090000 - 0x00007ff9630a5000 	C:\Program Files\BellSoft\LibericaJDK-13-Full\bin\VCRUNTIME140.dll
0x00007ff989090000 - 0x00007ff9890a8000 	C:\Program Files\BellSoft\LibericaJDK-13-Full\bin\jli.dll
0x00007ff9a9970000 - 0x00007ff9a9b0f000 	C:\WINDOWS\System32\USER32.dll
0x00007ff9a7d70000 - 0x00007ff9a7d92000 	C:\WINDOWS\System32\win32u.dll
0x00007ff9a9940000 - 0x00007ff9a996b000 	C:\WINDOWS\System32\GDI32.dll
0x00007ff9911f0000 - 0x00007ff99148a000 	C:\WINDOWS\WinSxS\amd64_microsoft.windows.common-controls_6595b64144ccf1df_6.0.19041.4355_none_60b8b9eb71f62e16\COMCTL32.dll
0x00007ff9a8370000 - 0x00007ff9a8487000 	C:\WINDOWS\System32\gdi32full.dll
0x00007ff9a8ba0000 - 0x00007ff9a8c3e000 	C:\WINDOWS\System32\msvcrt.dll
0x00007ff9a7dd0000 - 0x00007ff9a7e6d000 	C:\WINDOWS\System32\msvcp_win.dll
0x00007ff9a9f90000 - 0x00007ff9a9fbf000 	C:\WINDOWS\System32\IMM32.DLL
0x00007ff962f00000 - 0x00007ff962f9b000 	C:\Program Files\BellSoft\LibericaJDK-13-Full\bin\msvcp140.dll
0x00007ff948fc0000 - 0x00007ff949baa000 	C:\Program Files\BellSoft\LibericaJDK-13-Full\bin\server\jvm.dll
0x00007ff9a9ed0000 - 0x00007ff9a9f80000 	C:\WINDOWS\System32\ADVAPI32.dll
0x00007ff9a8af0000 - 0x00007ff9a8b90000 	C:\WINDOWS\System32\sechost.dll
0x00007ff9a94e0000 - 0x00007ff9a9603000 	C:\WINDOWS\System32\RPCRT4.dll
0x00007ff9a7da0000 - 0x00007ff9a7dc7000 	C:\WINDOWS\System32\bcrypt.dll
0x00007ff9a8b90000 - 0x00007ff9a8b98000 	C:\WINDOWS\System32\PSAPI.DLL
0x00007ff980870000 - 0x00007ff980879000 	C:\WINDOWS\SYSTEM32\WSOCK32.dll
0x00007ff9a97f0000 - 0x00007ff9a985b000 	C:\WINDOWS\System32\WS2_32.dll
0x00007ff99d900000 - 0x00007ff99d927000 	C:\WINDOWS\SYSTEM32\WINMM.dll
0x00007ff9a1100000 - 0x00007ff9a110a000 	C:\WINDOWS\SYSTEM32\VERSION.dll
0x00007ff9a59b0000 - 0x00007ff9a59c2000 	C:\WINDOWS\SYSTEM32\kernel.appcore.dll
0x00007ff97efb0000 - 0x00007ff97efc0000 	C:\Program Files\BellSoft\LibericaJDK-13-Full\bin\verify.dll
0x00007ff9a1a30000 - 0x00007ff9a1c14000 	C:\WINDOWS\SYSTEM32\DBGHELP.DLL
0x00007ff985e50000 - 0x00007ff985e84000 	C:\WINDOWS\SYSTEM32\dbgcore.DLL
0x00007ff9a7e70000 - 0x00007ff9a7ef2000 	C:\WINDOWS\System32\bcryptPrimitives.dll
0x00007ff963020000 - 0x00007ff963046000 	C:\Program Files\BellSoft\LibericaJDK-13-Full\bin\java.dll
0x00007ff963000000 - 0x00007ff963017000 	C:\Program Files\BellSoft\LibericaJDK-13-Full\bin\zip.dll
0x00007ff97b9d0000 - 0x00007ff97b9da000 	C:\Program Files\BellSoft\LibericaJDK-13-Full\bin\jimage.dll
0x00007ff9a8c40000 - 0x00007ff9a93ac000 	C:\WINDOWS\System32\SHELL32.dll
0x00007ff9a5bb0000 - 0x00007ff9a634d000 	C:\WINDOWS\SYSTEM32\windows.storage.dll
0x00007ff9a9b10000 - 0x00007ff9a9e63000 	C:\WINDOWS\System32\combase.dll
0x00007ff9a7460000 - 0x00007ff9a748e000 	C:\WINDOWS\SYSTEM32\Wldp.dll
0x00007ff9a9720000 - 0x00007ff9a97ed000 	C:\WINDOWS\System32\OLEAUT32.dll
0x00007ff9a85d0000 - 0x00007ff9a867d000 	C:\WINDOWS\System32\SHCORE.dll
0x00007ff9a9e70000 - 0x00007ff9a9ec5000 	C:\WINDOWS\System32\shlwapi.dll
0x00007ff9a7a40000 - 0x00007ff9a7a64000 	C:\WINDOWS\SYSTEM32\profapi.dll
0x00007ff962fe0000 - 0x00007ff962ff9000 	C:\Program Files\BellSoft\LibericaJDK-13-Full\bin\net.dll
0x00007ff9a1520000 - 0x00007ff9a162a000 	C:\WINDOWS\SYSTEM32\WINHTTP.dll
0x00007ff9a71c0000 - 0x00007ff9a722a000 	C:\WINDOWS\system32\mswsock.dll
0x00007ff962fc0000 - 0x00007ff962fd3000 	C:\Program Files\BellSoft\LibericaJDK-13-Full\bin\nio.dll
0x00007ff962b70000 - 0x00007ff962d08000 	C:\Program Files\BellSoft\LibericaJDK-13-Full\bin\awt.dll
0x00007ff9a4d60000 - 0x00007ff9a4df0000 	C:\WINDOWS\SYSTEM32\apphelp.dll
0x00007ff9a54d0000 - 0x00007ff9a556e000 	C:\WINDOWS\system32\uxtheme.dll
0x00007ff9aa290000 - 0x00007ff9aa3a4000 	C:\WINDOWS\System32\MSCTF.dll
0x00007ff9a93b0000 - 0x00007ff9a94db000 	C:\WINDOWS\System32\ole32.dll
0x00007ff9a56c0000 - 0x00007ff9a56ef000 	C:\WINDOWS\system32\DWMAPI.DLL
0x00007ff99c2e0000 - 0x00007ff99c390000 	C:\WINDOWS\WinSxS\amd64_microsoft.windows.common-controls_6595b64144ccf1df_5.82.19041.4355_none_792ecafd2442822f\comctl32.dll
0x00007ff948e00000 - 0x00007ff948e82000 	C:\Program Files\BellSoft\LibericaJDK-13-Full\bin\freetype.dll
0x00007ff948d50000 - 0x00007ff948df6000 	C:\Program Files\BellSoft\LibericaJDK-13-Full\bin\fontmanager.dll
0x00007ff948e90000 - 0x00007ff948fb5000 	C:\WINDOWS\system32\opengl32.dll
0x00007ff962ed0000 - 0x00007ff962efc000 	C:\WINDOWS\SYSTEM32\GLU32.dll
0x00007ff975430000 - 0x00007ff9755fe000 	C:\WINDOWS\system32\d3d9.dll
0x00007ff99da70000 - 0x00007ff99dc2b000 	C:\WINDOWS\System32\DriverStore\FileRepository\u0381941.inf_amd64_e1aaf87b06e2b6d9\B380668\aticfx64.dll
0x00007ff984690000 - 0x00007ff9846c4000 	C:\WINDOWS\System32\DriverStore\FileRepository\u0381941.inf_amd64_e1aaf87b06e2b6d9\B380668\atiu9p64.dll
0x00007ff95a250000 - 0x00007ff95afa5000 	C:\WINDOWS\System32\DriverStore\FileRepository\u0381941.inf_amd64_e1aaf87b06e2b6d9\B380668\atiumd64.dll
0x0000000065e10000 - 0x0000000066d36000 	C:\WINDOWS\System32\DriverStore\FileRepository\u0381941.inf_amd64_e1aaf87b06e2b6d9\B380668\atiumd6a.dll
0x00007ff9a8680000 - 0x00007ff9a8aee000 	C:\WINDOWS\System32\SETUPAPI.dll
0x00007ff9a7bc0000 - 0x00007ff9a7c0e000 	C:\WINDOWS\System32\cfgmgr32.dll
0x00007ff9a7960000 - 0x00007ff9a79ab000 	C:\WINDOWS\SYSTEM32\POWRPROF.dll
0x00007ff9a7940000 - 0x00007ff9a7952000 	C:\WINDOWS\SYSTEM32\UMPDC.dll
0x00007ff99d120000 - 0x00007ff99d155000 	C:\WINDOWS\SYSTEM32\amdihk64.dll
0x00007ff99de00000 - 0x00007ff99de3b000 	C:\WINDOWS\SYSTEM32\dxcore.dll
0x00007ff9a84c0000 - 0x00007ff9a8569000 	C:\WINDOWS\System32\clbcatq.dll
0x00007ff9a2610000 - 0x00007ff9a2706000 	C:\WINDOWS\SYSTEM32\PROPSYS.dll
0x00007ff99f640000 - 0x00007ff99f657000 	C:\WINDOWS\system32\NetworkExplorer.dll
0x00007ff989680000 - 0x00007ff98969d000 	C:\WINDOWS\SYSTEM32\MPR.dll
0x00007ff9a51a0000 - 0x00007ff9a51ab000 	C:\WINDOWS\System32\drprov.dll
0x00007ff9a7830000 - 0x00007ff9a788b000 	C:\WINDOWS\System32\WINSTA.dll
0x00007ff99bea0000 - 0x00007ff99bec0000 	C:\WINDOWS\System32\ntlanman.dll
0x00007ff999240000 - 0x00007ff99925e000 	C:\WINDOWS\System32\davclnt.dll
0x00007ff9a5140000 - 0x00007ff9a514d000 	C:\WINDOWS\System32\DAVHLPR.dll
0x00007ff9a6c40000 - 0x00007ff9a6c59000 	C:\WINDOWS\System32\wkscli.dll
0x00007ff98dfb0000 - 0x00007ff98dfc2000 	C:\WINDOWS\SYSTEM32\cscapi.dll
0x00007ff9a6fb0000 - 0x00007ff9a6fbc000 	C:\WINDOWS\System32\netutils.dll
0x00007ff987290000 - 0x00007ff9872e6000 	C:\Windows\System32\dlnashext.dll
0x00007ff978a50000 - 0x00007ff978ab4000 	C:\Windows\System32\PlayToDevice.dll
0x00007ff98d920000 - 0x00007ff98d940000 	C:\Windows\System32\DevDispItemProvider.dll
0x00007ff9a2420000 - 0x00007ff9a24a5000 	C:\WINDOWS\System32\MMDevApi.dll
0x00007ff9a77c0000 - 0x00007ff9a77f3000 	C:\WINDOWS\System32\DEVOBJ.dll
0x00007ff9749c0000 - 0x00007ff974a61000 	C:\WINDOWS\system32\wpdshext.dll
0x00007ff985970000 - 0x00007ff985b17000 	C:\WINDOWS\WinSxS\amd64_microsoft.windows.gdiplus_6595b64144ccf1df_1.1.19041.4355_none_91a3acd0cc88a7e4\gdiplus.dll
0x00007ff979160000 - 0x00007ff979203000 	C:\Windows\System32\PortableDeviceApi.dll
0x00007ff9a8300000 - 0x00007ff9a8369000 	C:\WINDOWS\System32\WINTRUST.dll
0x00007ff9a7c10000 - 0x00007ff9a7d6e000 	C:\WINDOWS\System32\CRYPT32.dll
0x00007ff9a75f0000 - 0x00007ff9a7602000 	C:\WINDOWS\SYSTEM32\MSASN1.dll
0x00007ff98c130000 - 0x00007ff98c167000 	C:\Windows\System32\EhStorShell.dll
0x00007ff9870f0000 - 0x00007ff987116000 	C:\Windows\System32\EhStorAPI.dll
0x00007ff9a3a90000 - 0x00007ff9a3aa4000 	C:\Windows\System32\WTSAPI32.dll
0x00007ff99f3b0000 - 0x00007ff99f3bd000 	C:\WINDOWS\SYSTEM32\LINKINFO.dll
0x00007ff98c000000 - 0x00007ff98c026000 	C:\Program Files\BellSoft\LibericaJDK-13-Full\bin\sunec.dll
0x00007ff9a6ee0000 - 0x00007ff9a6faa000 	C:\WINDOWS\SYSTEM32\DNSAPI.dll
0x00007ff9a6ea0000 - 0x00007ff9a6edb000 	C:\WINDOWS\SYSTEM32\IPHLPAPI.DLL
0x00007ff9a84b0000 - 0x00007ff9a84b8000 	C:\WINDOWS\System32\NSI.dll
0x00007ff9a0e10000 - 0x00007ff9a0e1a000 	C:\Windows\System32\rasadhlp.dll
0x00007ff9a0520000 - 0x00007ff9a05a0000 	C:\WINDOWS\System32\fwpuclnt.dll
0x00007ff9a52c0000 - 0x00007ff9a5474000 	C:\WINDOWS\SYSTEM32\WindowsCodecs.dll
0x00007ff98d8e0000 - 0x00007ff98d91e000 	C:\WINDOWS\system32\dataexchange.dll
0x00007ff9a2d20000 - 0x00007ff9a2f83000 	C:\WINDOWS\system32\d3d11.dll
0x00007ff9a3eb0000 - 0x00007ff9a4095000 	C:\WINDOWS\system32\dcomp.dll
0x00007ff9a6390000 - 0x00007ff9a6482000 	C:\WINDOWS\system32\dxgi.dll
0x00007ff9a0050000 - 0x00007ff9a0253000 	C:\WINDOWS\system32\twinapi.appcore.dll
0x000002c98f3b0000 - 0x000002c98f3b3000 	C:\Program Files\BellSoft\LibericaJDK-13-Full\bin\api-ms-win-core-console-l1-1-0.dll
0x000002c98f3c0000 - 0x000002c98f3c3000 	C:\Program Files\BellSoft\LibericaJDK-13-Full\bin\api-ms-win-core-datetime-l1-1-0.dll
0x000002c98f3d0000 - 0x000002c98f3d3000 	C:\Program Files\BellSoft\LibericaJDK-13-Full\bin\api-ms-win-core-debug-l1-1-0.dll
0x000002c98f3e0000 - 0x000002c98f3e3000 	C:\Program Files\BellSoft\LibericaJDK-13-Full\bin\api-ms-win-core-errorhandling-l1-1-0.dll
0x000002c98f3f0000 - 0x000002c98f3f4000 	C:\Program Files\BellSoft\LibericaJDK-13-Full\bin\api-ms-win-core-file-l1-1-0.dll
0x000002c98f400000 - 0x000002c98f403000 	C:\Program Files\BellSoft\LibericaJDK-13-Full\bin\api-ms-win-core-file-l1-2-0.dll
0x000002c98f410000 - 0x000002c98f413000 	C:\Program Files\BellSoft\LibericaJDK-13-Full\bin\api-ms-win-core-file-l2-1-0.dll
0x000002c98f420000 - 0x000002c98f423000 	C:\Program Files\BellSoft\LibericaJDK-13-Full\bin\api-ms-win-core-handle-l1-1-0.dll
0x000002c98f430000 - 0x000002c98f433000 	C:\Program Files\BellSoft\LibericaJDK-13-Full\bin\api-ms-win-core-heap-l1-1-0.dll
0x000002c9917e0000 - 0x000002c9917e3000 	C:\Program Files\BellSoft\LibericaJDK-13-Full\bin\api-ms-win-core-interlocked-l1-1-0.dll
0x000002c9917f0000 - 0x000002c9917f3000 	C:\Program Files\BellSoft\LibericaJDK-13-Full\bin\api-ms-win-core-libraryloader-l1-1-0.dll
0x000002c991800000 - 0x000002c991803000 	C:\Program Files\BellSoft\LibericaJDK-13-Full\bin\api-ms-win-core-localization-l1-2-0.dll
0x000002c991810000 - 0x000002c991813000 	C:\Program Files\BellSoft\LibericaJDK-13-Full\bin\api-ms-win-core-memory-l1-1-0.dll
0x000002c991820000 - 0x000002c991823000 	C:\Program Files\BellSoft\LibericaJDK-13-Full\bin\api-ms-win-core-namedpipe-l1-1-0.dll
0x000002c991830000 - 0x000002c991833000 	C:\Program Files\BellSoft\LibericaJDK-13-Full\bin\api-ms-win-core-processenvironment-l1-1-0.dll
0x000002c991840000 - 0x000002c991843000 	C:\Program Files\BellSoft\LibericaJDK-13-Full\bin\api-ms-win-core-processthreads-l1-1-0.dll
0x000002c991850000 - 0x000002c991853000 	C:\Program Files\BellSoft\LibericaJDK-13-Full\bin\api-ms-win-core-processthreads-l1-1-1.dll
0x000002c991860000 - 0x000002c991863000 	C:\Program Files\BellSoft\LibericaJDK-13-Full\bin\api-ms-win-core-profile-l1-1-0.dll
0x000002c991870000 - 0x000002c991873000 	C:\Program Files\BellSoft\LibericaJDK-13-Full\bin\api-ms-win-core-rtlsupport-l1-1-0.dll
0x000002c991880000 - 0x000002c991883000 	C:\Program Files\BellSoft\LibericaJDK-13-Full\bin\api-ms-win-core-string-l1-1-0.dll
0x000002c991890000 - 0x000002c991893000 	C:\Program Files\BellSoft\LibericaJDK-13-Full\bin\api-ms-win-core-synch-l1-1-0.dll

dbghelp: loaded successfully - version: 4.0.5 - missing functions: none
symbol engine: initialized successfully - sym options: 0x614 - pdb path: .;C:\Program Files\BellSoft\LibericaJDK-13-Full\bin;C:\WINDOWS\SYSTEM32;C:\WINDOWS\WinSxS\amd64_microsoft.windows.common-controls_6595b64144ccf1df_6.0.19041.4355_none_60b8b9eb71f62e16;C:\Program Files\BellSoft\LibericaJDK-13-Full\bin\server;C:\WINDOWS\WinSxS\amd64_microsoft.windows.common-controls_6595b64144ccf1df_5.82.19041.4355_none_792ecafd2442822f;C:\WINDOWS\System32\DriverStore\FileRepository\u0381941.inf_amd64_e1aaf87b06e2b6d9\B380668;C:\WINDOWS\WinSxS\amd64_microsoft.windows.gdiplus_6595b64144ccf1df_1.1.19041.4355_none_91a3acd0cc88a7e4

VM Arguments:
jvm_args: -Dfile.encoding=UTF-8 
java_command: simrskhanza.SIMRSKhanza
java_class_path (initial): C:\Users\windiartonugroho\lib\commons-codec-1.10.jar;C:\Users\windiartonugroho\lib\calendar-src.jar;C:\Users\windiartonugroho\lib\calendar-doc.jar;C:\Users\windiartonugroho\lib\calendar.jar;C:\Users\windiartonugroho\lib\jcalendar-1.4.jar;C:\Users\windiartonugroho\lib\ant-1.7.1.jar;C:\Users\windiartonugroho\lib\apache-httpcomponents-httpclient.jar;C:\Users\windiartonugroho\lib\appframework-1.0.3.jar;C:\Users\windiartonugroho\lib\barbecue-1.5-beta1.jar;C:\Users\windiartonugroho\lib\batik-dom.jar;C:\Users\windiartonugroho\lib\groovy-all-2.4.7.jar;C:\Users\windiartonugroho\lib\bcel-5.2.jar;C:\Users\windiartonugroho\lib\bcprov-jdk15on-154.jar;C:\Users\windiartonugroho\lib\poi-4.1.0.jar;C:\Users\windiartonugroho\lib\beansbinding-1.2.1.jar;C:\Users\windiartonugroho\lib\bsh-2.0b4.jar;C:\Users\windiartonugroho\lib\com-jaspersoft-ireport.jar;C:\Users\windiartonugroho\lib\com.fasterxml.jackson.core.jar;C:\Users\windiartonugroho\lib\comm.jar;C:\Users\windiartonugroho\lib\common-javaFX-plugin.jar;C:\Users\windiartonugroho\lib\commons-javaflow-20060411.jar;C:\Users\windiartonugroho\lib\commons-logging-1.2.jar;C:\Users\windiartonugroho\lib\fluent-hc-4.5.1.jar;C:\Users\windiartonugroho\lib\fontbox-2.0.13.jar;C:\Users\windiartonugroho\lib\gson-2.2.2.jar;C:\Users\windiartonugroho\lib\hibernate3.jar;C:\Users\windiartonugroho\lib\hsqldb-1.8.0-10.jar;C:\Users\windiartonugroho\lib\httpclient-4.5.1.jar;C:\Users\windiartonugroho\lib\httpclient-cache-4.5.1.jar;C:\Users\windiartonugroho\lib\httpclient-win-4.5.1.jar;C:\Users\windiartonugroho\lib\httpcore-4.4.3.jar;C:\Users\windiartonugroho\lib\httpmime-4.5.1.jar;C:\Users\windiartonugroho\lib\iReport.jar;C:\Users\windiartonugroho\lib\jackson-all-1.9.0.jar;C:\Users\windiartonugroho\lib\java-json.jar;C:\Users\windiartonugroho\lib\javaFX-jps-plugin.jar;C:\Users\windiartonugroho\lib\javaFX.jar;C:\Users\windiartonugroho\lib\jaxen-1.1.1.jar;C:\Users\windiartonugroho\lib\jcommon-1.0.15.jar;C:\Users\windiartonugroho\lib\jd
Launcher Type: SUN_STANDARD

[Global flags]
     intx CICompilerCount                          = 4                                         {product} {ergonomic}
     uint ConcGCThreads                            = 3                                         {product} {ergonomic}
     uint G1ConcRefinementThreads                  = 10                                        {product} {ergonomic}
   size_t G1HeapRegionSize                         = 1048576                                   {product} {ergonomic}
    uintx GCDrainStackTargetSize                   = 64                                        {product} {ergonomic}
   size_t InitialHeapSize                          = 260046848                                 {product} {ergonomic}
   size_t MarkStackSize                            = 4194304                                   {product} {ergonomic}
   size_t MaxHeapSize                              = 4133486592                                {product} {ergonomic}
   size_t MaxNewSize                               = 2479882240                                {product} {ergonomic}
   size_t MinHeapDeltaBytes                        = 1048576                                   {product} {ergonomic}
   size_t MinHeapSize                              = 8388608                                   {product} {ergonomic}
    uintx NonNMethodCodeHeapSize                   = 5839372                                {pd product} {ergonomic}
    uintx NonProfiledCodeHeapSize                  = 122909434                              {pd product} {ergonomic}
    uintx ProfiledCodeHeapSize                     = 122909434                              {pd product} {ergonomic}
    uintx ReservedCodeCacheSize                    = 251658240                              {pd product} {ergonomic}
     bool SegmentedCodeCache                       = true                                      {product} {ergonomic}
   size_t SoftMaxHeapSize                          = 4133486592                             {manageable} {ergonomic}
     bool UseCompressedClassPointers               = true                                 {lp64_product} {ergonomic}
     bool UseCompressedOops                        = true                                 {lp64_product} {ergonomic}
     bool UseG1GC                                  = true                                      {product} {ergonomic}
     bool UseLargePagesIndividualAllocation        = false                                  {pd product} {ergonomic}

Logging:
Log output configuration:
 #0: stdout all=warning uptime,level,tags
 #1: stderr all=off uptime,level,tags

Environment Variables:
JAVA_HOME=C:\Program Files\BellSoft\LibericaJDK-13-Full\
PATH=C:\Program Files\BellSoft\LibericaJDK-13-Full\bin\;C:\Python311\Scripts\;C:\Python311\;C:\WINDOWS\system32;C:\WINDOWS;C:\WINDOWS\System32\Wbem;C:\WINDOWS\System32\WindowsPowerShell\v1.0\;C:\WINDOWS\System32\OpenSSH\;C:\Program Files\Git\cmd;C:\xampp\php;C:\ProgramData\ComposerSetup\bin;C:\ProgramData\chocolatey\bin;C:\Program Files\PuTTY\;C:\Program Files\nodejs\;C:\Users\acer\AppData\Local\Microsoft\WindowsApps;;C:\Users\acer\AppData\Local\Programs\Microsoft VS Code\bin;C:\Users\acer\AppData\Roaming\Composer\vendor\bin;C:\Users\acer\AppData\Roaming\npm
USERNAME=acer
OS=Windows_NT
PROCESSOR_IDENTIFIER=AMD64 Family 25 Model 80 Stepping 0, AuthenticAMD



---------------  S Y S T E M  ---------------

OS: Windows 10 , 64 bit Build 19041 (10.0.19041.3636)

CPU:total 12 (initial active 12) (12 cores per cpu, 2 threads per core) family 25 model 80 stepping 0, cmov, cx8, fxsr, mmx, sse, sse2, sse3, ssse3, sse4.1, sse4.2, popcnt, avx, avx2, aes, clmul, erms, mmxext, 3dnowpref, lzcnt, sse4a, ht, tsc, tscinvbit, tscinv, bmi1, bmi2, adx, sha, fma

Memory: 4k page, system-wide physical 15761M (1098M free)
TotalPageFile size 29511M (AvailPageFile size 196M)
current process WorkingSet (physical memory assigned to process): 87M, peak: 540M
current process commit charge ("private bytes"): 577M, peak: 622M

vm_info: OpenJDK 64-Bit Server VM (13.0.2+9) for windows-amd64 JRE (13.0.2+9), built on Jan 14 2020 20:32:22 by "" with unknown MS VC++:1916

END.
